Using pre-set license
Built from '2023.2/staging' branch; Version is '2023.2.20f1 (0e25a174756c) revision 927137'; Using compiler version '193431935'; Build Type 'Release'
OS: 'Windows 10  (10.0.19044) 64bit Professional' Language: 'ko' Physical Memory: 16315 MB
BatchMode: 1, IsHumanControllingUs: 0, StartBugReporterOnCrash: 0, Is64bit: 1, IsPro: 1

COMMAND LINE ARGUMENTS:
C:\Program Files\Unity\Hub\Editor\2023.2.20f1\Editor\Unity.exe
-adb2
-batchMode
-noUpm
-name
AssetImportWorker8
-projectPath
C:/3young/2506_2dProject/2506_2dProject
-logFile
Logs/AssetImportWorker8.log
-srvPort
59742
-job-worker-count
5
-background-job-worker-count
8
-asset-garbage-collectors
1
Successfully changed project path to: C:/3young/2506_2dProject/2506_2dProject
C:/3young/2506_2dProject/2506_2dProject
[UnityMemory] Configuration Parameters - Can be set up in boot.config
    "memorysetup-bucket-allocator-granularity=16"
    "memorysetup-bucket-allocator-bucket-count=8"
    "memorysetup-bucket-allocator-block-size=33554432"
    "memorysetup-bucket-allocator-block-count=8"
    "memorysetup-main-allocator-block-size=16777216"
    "memorysetup-thread-allocator-block-size=16777216"
    "memorysetup-gfx-main-allocator-block-size=16777216"
    "memorysetup-gfx-thread-allocator-block-size=16777216"
    "memorysetup-cache-allocator-block-size=4194304"
    "memorysetup-typetree-allocator-block-size=2097152"
    "memorysetup-profiler-bucket-allocator-granularity=16"
    "memorysetup-profiler-bucket-allocator-bucket-count=8"
    "memorysetup-profiler-bucket-allocator-block-size=33554432"
    "memorysetup-profiler-bucket-allocator-block-count=8"
    "memorysetup-profiler-allocator-block-size=16777216"
    "memorysetup-profiler-editor-allocator-block-size=1048576"
    "memorysetup-temp-allocator-size-main=16777216"
    "memorysetup-job-temp-allocator-block-size=2097152"
    "memorysetup-job-temp-allocator-block-size-background=1048576"
    "memorysetup-job-temp-allocator-reduction-small-platforms=262144"
    "memorysetup-allocator-temp-initial-block-size-main=262144"
    "memorysetup-allocator-temp-initial-block-size-worker=262144"
    "memorysetup-temp-allocator-size-background-worker=32768"
    "memorysetup-temp-allocator-size-job-worker=262144"
    "memorysetup-temp-allocator-size-preload-manager=33554432"
    "memorysetup-temp-allocator-size-nav-mesh-worker=65536"
    "memorysetup-temp-allocator-size-audio-worker=65536"
    "memorysetup-temp-allocator-size-cloud-worker=32768"
    "memorysetup-temp-allocator-size-gi-baking-worker=262144"
    "memorysetup-temp-allocator-size-gi-baking-worker=262144"
    "memorysetup-temp-allocator-size-gi-baking-worker=262144"
    "memorysetup-temp-allocator-size-gi-baking-worker=262144"
    "memorysetup-temp-allocator-size-gfx=262144"
Player connection [23876] Host "[IP] 192.168.0.174 [Port] 0 [Flags] 2 [Guid] 3245434198 [EditorId] 3245434198 [Version] 1048832 [Id] WindowsEditor(7,DESKTOP-7GLVIQO) [Debug] 1 [PackageName] WindowsEditor [ProjectName] Editor" joined multi-casting on [225.0.0.222:54997]...
Player connection [23876] Host "[IP] 192.168.0.174 [Port] 0 [Flags] 2 [Guid] 3245434198 [EditorId] 3245434198 [Version] 1048832 [Id] WindowsEditor(7,DESKTOP-7GLVIQO) [Debug] 1 [PackageName] WindowsEditor [ProjectName] Editor" joined alternative multi-casting on [225.0.0.222:34997]...
JobSystem: Creating JobQueue using job-worker-count value 5
[Physics::Module] Initialized MultithreadedJobDispatcher with 5 workers.
Library Redirect Path: Library/
Refreshing native plugins compatible for Editor in 5.72 ms, found 4 plugins.
Preloading 0 native plugins for Editor in 0.00 ms.
Initialize engine version: 2023.2.20f1 (0e25a174756c)
[Subsystems] Discovering subsystems at path C:/Program Files/Unity/Hub/Editor/2023.2.20f1/Editor/Data/Resources/UnitySubsystems
[Subsystems] Discovering subsystems at path C:/3young/2506_2dProject/2506_2dProject/Assets
GfxDevice: creating device client; kGfxThreadingModeNonThreaded
Direct3D:
    Version:  Direct3D 11.0 [level 11.1]
    Renderer: NVIDIA GeForce GTX 1660 SUPER (ID=0x21c4)
    Vendor:   NVIDIA
    VRAM:     5966 MB
    Driver:   32.0.15.6614
Initialize mono
Mono path[0] = 'C:/Program Files/Unity/Hub/Editor/2023.2.20f1/Editor/Data/Managed'
Mono path[1] = 'C:/Program Files/Unity/Hub/Editor/2023.2.20f1/Editor/Data/MonoBleedingEdge/lib/mono/unityjit-win32'
Mono config path = 'C:/Program Files/Unity/Hub/Editor/2023.2.20f1/Editor/Data/MonoBleedingEdge/etc'
Using monoOptions --debugger-agent=transport=dt_socket,embedding=1,server=y,suspend=n,address=127.0.0.1:56408
Begin MonoManager ReloadAssembly
Registering precompiled unity dll's ...
Register platform support module: C:/Program Files/Unity/Hub/Editor/2023.2.20f1/Editor/Data/PlaybackEngines/WebGLSupport/UnityEditor.WebGL.Extensions.dll
Register platform support module: C:/Program Files/Unity/Hub/Editor/2023.2.20f1/Editor/Data/PlaybackEngines/WindowsStandaloneSupport/UnityEditor.WindowsStandalone.Extensions.dll
Register platform support module: C:/Program Files/Unity/Hub/Editor/2023.2.20f1/Editor/Data/PlaybackEngines/AndroidPlayer/UnityEditor.Android.Extensions.dll
Registered in 0.004283 seconds.
- Loaded All Assemblies, in  0.408 seconds
Native extension for Android target not found
Android Extension - Scanning For ADB Devices 203 ms
Native extension for WindowsStandalone target not found
Native extension for WebGL target not found
Mono: successfully reloaded assembly
- Finished resetting the current domain, in  0.561 seconds
Domain Reload Profiling: 967ms
	BeginReloadAssembly (129ms)
		ExecutionOrderSort (0ms)
		DisableScriptedObjects (0ms)
		BackupInstance (0ms)
		ReleaseScriptingObjects (0ms)
		CreateAndSetChildDomain (1ms)
	RebuildCommonClasses (40ms)
	RebuildNativeTypeToScriptingClass (14ms)
	initialDomainReloadingComplete (51ms)
	LoadAllAssembliesAndSetupDomain (173ms)
		LoadAssemblies (127ms)
		RebuildTransferFunctionScriptingTraits (0ms)
		AnalyzeDomain (169ms)
			TypeCache.Refresh (168ms)
				TypeCache.ScanAssembly (154ms)
			BuildScriptInfoCaches (0ms)
			ResolveRequiredComponents (0ms)
	FinalizeReload (561ms)
		ReleaseScriptCaches (0ms)
		RebuildScriptCaches (0ms)
		SetupLoadedEditorAssemblies (502ms)
			LogAssemblyErrors (0ms)
			InitializePlatformSupportModulesInManaged (305ms)
			SetLoadedEditorAssemblies (4ms)
			BeforeProcessingInitializeOnLoad (5ms)
			ProcessInitializeOnLoadAttributes (142ms)
			ProcessInitializeOnLoadMethodAttributes (47ms)
			AfterProcessingInitializeOnLoad (0ms)
			EditorAssembliesLoaded (0ms)
		ExecutionOrderSort2 (0ms)
		AwakeInstancesAfterBackupRestoration (0ms)
========================================================================
Worker process is ready to serve import requests
Import Worker Mode flag is 0x00
Begin MonoManager ReloadAssembly
Symbol file LoadedFromMemory doesn't match image C:\3young\2506_2dProject\2506_2dProject\Library\PackageCache\com.unity.visualscripting@1.8.0\Editor\VisualScripting.Core\Dependencies\YamlDotNet\Unity.VisualScripting.YamlDotNet.dll
Symbol file LoadedFromMemory doesn't match image C:\3young\2506_2dProject\2506_2dProject\Library\PackageCache\com.unity.visualscripting@1.8.0\Editor\VisualScripting.Core\Dependencies\DotNetZip\Unity.VisualScripting.IonicZip.dll
Symbol file LoadedFromMemory is not a mono symbol file
- Loaded All Assemblies, in  0.966 seconds
Script 'Camera' has the same name as built-in Unity component.
AddComponent and GetComponent will not work with this script.
Refreshing native plugins compatible for Editor in 5.11 ms, found 4 plugins.
Native extension for Android target not found
Native extension for WindowsStandalone target not found
Native extension for WebGL target not found
Refreshing native plugins compatible for Editor in 4.78 ms, found 4 plugins.
Mono: successfully reloaded assembly
- Finished resetting the current domain, in  0.840 seconds
Domain Reload Profiling: 1801ms
	BeginReloadAssembly (342ms)
		ExecutionOrderSort (0ms)
		DisableScriptedObjects (6ms)
		BackupInstance (0ms)
		ReleaseScriptingObjects (0ms)
		CreateAndSetChildDomain (29ms)
	RebuildCommonClasses (38ms)
	RebuildNativeTypeToScriptingClass (14ms)
	initialDomainReloadingComplete (40ms)
	LoadAllAssembliesAndSetupDomain (526ms)
		LoadAssemblies (405ms)
		RebuildTransferFunctionScriptingTraits (0ms)
		AnalyzeDomain (224ms)
			TypeCache.Refresh (175ms)
				TypeCache.ScanAssembly (152ms)
			BuildScriptInfoCaches (40ms)
			ResolveRequiredComponents (6ms)
	FinalizeReload (840ms)
		ReleaseScriptCaches (0ms)
		RebuildScriptCaches (0ms)
		SetupLoadedEditorAssemblies (635ms)
			LogAssemblyErrors (0ms)
			InitializePlatformSupportModulesInManaged (18ms)
			SetLoadedEditorAssemblies (5ms)
			BeforeProcessingInitializeOnLoad (74ms)
			ProcessInitializeOnLoadAttributes (347ms)
			ProcessInitializeOnLoadMethodAttributes (185ms)
			AfterProcessingInitializeOnLoad (5ms)
			EditorAssembliesLoaded (0ms)
		ExecutionOrderSort2 (0ms)
		AwakeInstancesAfterBackupRestoration (8ms)
Launched and connected shader compiler UnityShaderCompiler.exe after 0.01 seconds
Refreshing native plugins compatible for Editor in 4.66 ms, found 4 plugins.
Preloading 0 native plugins for Editor in 0.00 ms.
Unloading 31 Unused Serialized files (Serialized files now loaded: 0)
Unloading 5357 unused Assets / (1.6 MB). Loaded Objects now: 5922.
Memory consumption went from 124.3 MB to 122.7 MB.
Total: 10.948300 ms (FindLiveObjects: 0.597100 ms CreateObjectMapping: 0.775400 ms MarkObjects: 8.166400 ms  DeleteObjects: 1.408900 ms)

========================================================================
Received Import Request.
  Time since last request: 32641.158911 seconds.
  path: Assets/ImportedAssets/Pixel Art Flower Pack/Bush 2/Bush 2 - ORANGE.png
  artifactKey: Guid(feddc0b8c82c3e34da1331910066ab89) Importer(815301076,1909f56bfc062723c751e8b465ee728b)
Start importing Assets/ImportedAssets/Pixel Art Flower Pack/Bush 2/Bush 2 - ORANGE.png using Guid(feddc0b8c82c3e34da1331910066ab89) Importer(815301076,1909f56bfc062723c751e8b465ee728b) (PreviewImporter) -> (artifact id: '51ba4cb9887a042d779bbb961dd3cc76') in 0.0898788 seconds
Number of updated asset objects reloaded before import = 0Number of asset objects unloaded after import = 3

========================================================================
Received Import Request.
  Time since last request: 2.279920 seconds.
  path: Assets/ImportedAssets/Pixel Art Flower Pack/Flower 1/Flower 1 - COLORFUL.png
  artifactKey: Guid(96f57a8f3c1c5be4f9f59a59bdf98535) Importer(815301076,1909f56bfc062723c751e8b465ee728b)
Start importing Assets/ImportedAssets/Pixel Art Flower Pack/Flower 1/Flower 1 - COLORFUL.png using Guid(96f57a8f3c1c5be4f9f59a59bdf98535) Importer(815301076,1909f56bfc062723c751e8b465ee728b) (PreviewImporter) -> (artifact id: '12d627f53868a8d71209c329c99a3467') in 0.0086771 seconds
Number of updated asset objects reloaded before import = 0Number of asset objects unloaded after import = 3

========================================================================
Received Import Request.
  Time since last request: 0.038033 seconds.
  path: Assets/ImportedAssets/Pixel Art Flower Pack/Flower 3/Flower 3 - PURPLE.png
  artifactKey: Guid(d740059b93b671b4bb7b2e664d22e7c0) Importer(815301076,1909f56bfc062723c751e8b465ee728b)
Start importing Assets/ImportedAssets/Pixel Art Flower Pack/Flower 3/Flower 3 - PURPLE.png using Guid(d740059b93b671b4bb7b2e664d22e7c0) Importer(815301076,1909f56bfc062723c751e8b465ee728b) (PreviewImporter) -> (artifact id: '9971d1051d043a4e2da04626a5bfa907') in 0.0157031 seconds
Number of updated asset objects reloaded before import = 0Number of asset objects unloaded after import = 3

========================================================================
Received Import Request.
  Time since last request: 0.000015 seconds.
  path: Assets/ImportedAssets/Pixel Art Flower Pack/Flower 3/Flower 3 - TEAL.png
  artifactKey: Guid(8d0cdd210ea366f4bbce92234b874cff) Importer(815301076,1909f56bfc062723c751e8b465ee728b)
Start importing Assets/ImportedAssets/Pixel Art Flower Pack/Flower 3/Flower 3 - TEAL.png using Guid(8d0cdd210ea366f4bbce92234b874cff) Importer(815301076,1909f56bfc062723c751e8b465ee728b) (PreviewImporter) -> (artifact id: '59f4203ebbb2ec91339afeac31b3536d') in 0.0145888 seconds
Number of updated asset objects reloaded before import = 0Number of asset objects unloaded after import = 3

========================================================================
Received Import Request.
  Time since last request: 0.000015 seconds.
  path: Assets/ImportedAssets/Pixel Art Flower Pack/Flower 4/Flower 4 - PINK.png
  artifactKey: Guid(84edb630dfecc854ba9ed407d4b228d1) Importer(815301076,1909f56bfc062723c751e8b465ee728b)
Start importing Assets/ImportedAssets/Pixel Art Flower Pack/Flower 4/Flower 4 - PINK.png using Guid(84edb630dfecc854ba9ed407d4b228d1) Importer(815301076,1909f56bfc062723c751e8b465ee728b) (PreviewImporter) -> (artifact id: '8c7f39c12656cff2c26fd50ecd60216c') in 0.0145121 seconds
Number of updated asset objects reloaded before import = 0Number of asset objects unloaded after import = 3

========================================================================
Received Import Request.
  Time since last request: 0.000016 seconds.
  path: Assets/ImportedAssets/Pixel Art Flower Pack/Flower 4/Flower 4 - TEAL.png
  artifactKey: Guid(4657b95a8aad8524a84639940346cbce) Importer(815301076,1909f56bfc062723c751e8b465ee728b)
Start importing Assets/ImportedAssets/Pixel Art Flower Pack/Flower 4/Flower 4 - TEAL.png using Guid(4657b95a8aad8524a84639940346cbce) Importer(815301076,1909f56bfc062723c751e8b465ee728b) (PreviewImporter) -> (artifact id: '0da5880569ed2ae2060920844a273afd') in 0.015251 seconds
Number of updated asset objects reloaded before import = 0Number of asset objects unloaded after import = 3

========================================================================
Received Import Request.
  Time since last request: 0.021575 seconds.
  path: Assets/ImportedAssets/Pixel Art Flower Pack/Flower 6/Flower 6 - ORANGE.png
  artifactKey: Guid(8351b8dd05248214ba2a0af5a9cd9b91) Importer(815301076,1909f56bfc062723c751e8b465ee728b)
Start importing Assets/ImportedAssets/Pixel Art Flower Pack/Flower 6/Flower 6 - ORANGE.png using Guid(8351b8dd05248214ba2a0af5a9cd9b91) Importer(815301076,1909f56bfc062723c751e8b465ee728b) (PreviewImporter) -> (artifact id: '1c6fb9145d4b7444611f85ca2d204b43') in 0.0097244 seconds
Number of updated asset objects reloaded before import = 0Number of asset objects unloaded after import = 3

========================================================================
Received Import Request.
  Time since last request: 0.005605 seconds.
  path: Assets/ImportedAssets/Pixel Art Flower Pack/Flower 6/Flower 6 - PINK 2.png
  artifactKey: Guid(388ad3acf62017640936b3374600ca59) Importer(815301076,1909f56bfc062723c751e8b465ee728b)
Start importing Assets/ImportedAssets/Pixel Art Flower Pack/Flower 6/Flower 6 - PINK 2.png using Guid(388ad3acf62017640936b3374600ca59) Importer(815301076,1909f56bfc062723c751e8b465ee728b) (PreviewImporter) -> (artifact id: '35c474dc3fc55fa527f61934c5d5c296') in 0.0153946 seconds
Number of updated asset objects reloaded before import = 0Number of asset objects unloaded after import = 3

========================================================================
Received Import Request.
  Time since last request: 0.000014 seconds.
  path: Assets/ImportedAssets/Pixel Art Flower Pack/Flower 7/Flower 7 - BLUE.png
  artifactKey: Guid(6c365f1ca9767454086e6e318b8b7bd0) Importer(815301076,1909f56bfc062723c751e8b465ee728b)
Start importing Assets/ImportedAssets/Pixel Art Flower Pack/Flower 7/Flower 7 - BLUE.png using Guid(6c365f1ca9767454086e6e318b8b7bd0) Importer(815301076,1909f56bfc062723c751e8b465ee728b) (PreviewImporter) -> (artifact id: 'b175461106b0d888aac1e4763d4aecc7') in 0.0214312 seconds
Number of updated asset objects reloaded before import = 0Number of asset objects unloaded after import = 3

========================================================================
Received Import Request.
  Time since last request: 0.028905 seconds.
  path: Assets/ImportedAssets/Pixel Art Flower Pack/Flower 9/Flower 9 - PURPLE.png
  artifactKey: Guid(6b7f48c8cb16ae24cbf73c94e7e99f5b) Importer(815301076,1909f56bfc062723c751e8b465ee728b)
Start importing Assets/ImportedAssets/Pixel Art Flower Pack/Flower 9/Flower 9 - PURPLE.png using Guid(6b7f48c8cb16ae24cbf73c94e7e99f5b) Importer(815301076,1909f56bfc062723c751e8b465ee728b) (PreviewImporter) -> (artifact id: '6bcf3834c8c6b79cf12cd2a72b935ad5') in 0.0153159 seconds
Number of updated asset objects reloaded before import = 0Number of asset objects unloaded after import = 3

========================================================================
Received Import Request.
  Time since last request: 0.000014 seconds.
  path: Assets/ImportedAssets/Pixel Art Flower Pack/Flower 9/Flower 9 - YELLOW.png
  artifactKey: Guid(2c8815d31aaecf6418b40a19167463c9) Importer(815301076,1909f56bfc062723c751e8b465ee728b)
Start importing Assets/ImportedAssets/Pixel Art Flower Pack/Flower 9/Flower 9 - YELLOW.png using Guid(2c8815d31aaecf6418b40a19167463c9) Importer(815301076,1909f56bfc062723c751e8b465ee728b) (PreviewImporter) -> (artifact id: '0d9c15c01d9dd06aec0b0441ef93aed7') in 0.0160448 seconds
Number of updated asset objects reloaded before import = 0Number of asset objects unloaded after import = 3

========================================================================
Received Import Request.
  Time since last request: 0.000017 seconds.
  path: Assets/ImportedAssets/Pixel Art Flower Pack/Flower 10/Flower 10 - PURPLE.png
  artifactKey: Guid(473673a2d174ce6489230365d919f6fe) Importer(815301076,1909f56bfc062723c751e8b465ee728b)
Start importing Assets/ImportedAssets/Pixel Art Flower Pack/Flower 10/Flower 10 - PURPLE.png using Guid(473673a2d174ce6489230365d919f6fe) Importer(815301076,1909f56bfc062723c751e8b465ee728b) (PreviewImporter) -> (artifact id: 'e68b2af7c0eca1aa80087abeb9bd9bac') in 0.0149377 seconds
Number of updated asset objects reloaded before import = 0Number of asset objects unloaded after import = 3

========================================================================
Received Import Request.
  Time since last request: 0.000024 seconds.
  path: Assets/ImportedAssets/Pixel Art Flower Pack/Flower 11/Flower 11 - PINK.png
  artifactKey: Guid(ff63bd06548ba964f9db65d0e85fcdbd) Importer(815301076,1909f56bfc062723c751e8b465ee728b)
Start importing Assets/ImportedAssets/Pixel Art Flower Pack/Flower 11/Flower 11 - PINK.png using Guid(ff63bd06548ba964f9db65d0e85fcdbd) Importer(815301076,1909f56bfc062723c751e8b465ee728b) (PreviewImporter) -> (artifact id: '3a47c4b6fa3138f1ce512e9a17657f61') in 0.0160336 seconds
Number of updated asset objects reloaded before import = 0Number of asset objects unloaded after import = 3

========================================================================
Received Import Request.
  Time since last request: 0.025820 seconds.
  path: Assets/ImportedAssets/Pixel Art Flower Pack/Flower Pot 5/Flower Pot 5 - RED.png
  artifactKey: Guid(1ac3097035d44494294fc75ebc9c6f7d) Importer(815301076,1909f56bfc062723c751e8b465ee728b)
Start importing Assets/ImportedAssets/Pixel Art Flower Pack/Flower Pot 5/Flower Pot 5 - RED.png using Guid(1ac3097035d44494294fc75ebc9c6f7d) Importer(815301076,1909f56bfc062723c751e8b465ee728b) (PreviewImporter) -> (artifact id: 'ddaf8ebe0906b4d8706c39bb1afb064a') in 0.0156889 seconds
Number of updated asset objects reloaded before import = 0Number of asset objects unloaded after import = 3

========================================================================
Received Import Request.
  Time since last request: 0.000015 seconds.
  path: Assets/ImportedAssets/Pixel Art Flower Pack/Flower Pot 6/Flower Pot 6 - COLORFUL 2.png
  artifactKey: Guid(8ca97b59b1d37da4792faa69dec86440) Importer(815301076,1909f56bfc062723c751e8b465ee728b)
Start importing Assets/ImportedAssets/Pixel Art Flower Pack/Flower Pot 6/Flower Pot 6 - COLORFUL 2.png using Guid(8ca97b59b1d37da4792faa69dec86440) Importer(815301076,1909f56bfc062723c751e8b465ee728b) (PreviewImporter) -> (artifact id: '64527b9ea5ed453a34886606a2a499d7') in 0.0153479 seconds
Number of updated asset objects reloaded before import = 0Number of asset objects unloaded after import = 3

========================================================================
Received Import Request.
  Time since last request: 0.000015 seconds.
  path: Assets/ImportedAssets/Pixel Art Flower Pack/Flower Pot 6/Flower Pot 6 - PURPLE.png
  artifactKey: Guid(29371b2f9f6c5b34cb96fa8403fae16d) Importer(815301076,1909f56bfc062723c751e8b465ee728b)
Start importing Assets/ImportedAssets/Pixel Art Flower Pack/Flower Pot 6/Flower Pot 6 - PURPLE.png using Guid(29371b2f9f6c5b34cb96fa8403fae16d) Importer(815301076,1909f56bfc062723c751e8b465ee728b) (PreviewImporter) -> (artifact id: 'df83b7e0d1281a619ffdbe5816a3beaf') in 0.0162461 seconds
Number of updated asset objects reloaded before import = 0Number of asset objects unloaded after import = 3

========================================================================
Received Import Request.
  Time since last request: 0.000025 seconds.
  path: Assets/ImportedAssets/Pixel Art Flower Pack/Flower Pot 7/Flower Pot 7 - COLORFUL.png
  artifactKey: Guid(6db95f25122c86240ac519842a66d9f1) Importer(815301076,1909f56bfc062723c751e8b465ee728b)
Start importing Assets/ImportedAssets/Pixel Art Flower Pack/Flower Pot 7/Flower Pot 7 - COLORFUL.png using Guid(6db95f25122c86240ac519842a66d9f1) Importer(815301076,1909f56bfc062723c751e8b465ee728b) (PreviewImporter) -> (artifact id: '52268c7291026dfb501ae7e890afc355') in 0.017914 seconds
Number of updated asset objects reloaded before import = 0Number of asset objects unloaded after import = 3

========================================================================
Received Import Request.
  Time since last request: 0.026747 seconds.
  path: Assets/ImportedAssets/Pixel Art Flower Pack/Garden Grid with Flowers/Grid 6.png
  artifactKey: Guid(d2ec0fa8e035e6c4493441605f81e7cb) Importer(815301076,1909f56bfc062723c751e8b465ee728b)
Start importing Assets/ImportedAssets/Pixel Art Flower Pack/Garden Grid with Flowers/Grid 6.png using Guid(d2ec0fa8e035e6c4493441605f81e7cb) Importer(815301076,1909f56bfc062723c751e8b465ee728b) (PreviewImporter) -> (artifact id: '4f0c965b522f4b5c9a07b9c35591122e') in 0.0156759 seconds
Number of updated asset objects reloaded before import = 0Number of asset objects unloaded after import = 3

========================================================================
Received Import Request.
  Time since last request: 1.208502 seconds.
  path: Assets/ImportedAssets/Tiny RPG Forest/Artwork/sprites/mole/walk/mole-walk-back/mole-walk-back-2.png
  artifactKey: Guid(75fafb449cfe64629a4ff0e8f01361ca) Importer(815301076,1909f56bfc062723c751e8b465ee728b)
Start importing Assets/ImportedAssets/Tiny RPG Forest/Artwork/sprites/mole/walk/mole-walk-back/mole-walk-back-2.png using Guid(75fafb449cfe64629a4ff0e8f01361ca) Importer(815301076,1909f56bfc062723c751e8b465ee728b) (PreviewImporter) -> (artifact id: '96aa001ef1faef2b6adc49850a0a1540') in 0.0165284 seconds
Number of updated asset objects reloaded before import = 0Number of asset objects unloaded after import = 3

========================================================================
Received Import Request.
  Time since last request: 7.110367 seconds.
  path: Assets/ImportedAssets/Tiny RPG Forest/Artwork/sprites/treant/walk/treant-walk-back/treant-walk-back-2.png
  artifactKey: Guid(f14b7cc4c56574a62998ea5000f13357) Importer(815301076,1909f56bfc062723c751e8b465ee728b)
Start importing Assets/ImportedAssets/Tiny RPG Forest/Artwork/sprites/treant/walk/treant-walk-back/treant-walk-back-2.png using Guid(f14b7cc4c56574a62998ea5000f13357) Importer(815301076,1909f56bfc062723c751e8b465ee728b) (PreviewImporter) -> (artifact id: '10e54d5909f01aafe7e2613b739a0c1a') in 0.0216849 seconds
Number of updated asset objects reloaded before import = 0Number of asset objects unloaded after import = 3

========================================================================
Received Import Request.
  Time since last request: 0.037752 seconds.
  path: Assets/ImportedAssets/Pixel Art Flower Pack/Wooden garden grid/Wooden Grid 1 - RED.png
  artifactKey: Guid(ab2716a233ca73c409d1440eb6950a0c) Importer(815301076,1909f56bfc062723c751e8b465ee728b)
Start importing Assets/ImportedAssets/Pixel Art Flower Pack/Wooden garden grid/Wooden Grid 1 - RED.png using Guid(ab2716a233ca73c409d1440eb6950a0c) Importer(815301076,1909f56bfc062723c751e8b465ee728b) (PreviewImporter) -> (artifact id: 'c6daa7fcf9b303d3e30d26f6318d6526') in 0.0151243 seconds
Number of updated asset objects reloaded before import = 0Number of asset objects unloaded after import = 3

========================================================================
Received Import Request.
  Time since last request: 0.000336 seconds.
  path: Assets/ImportedAssets/Pixel Art Flower Pack/Wooden garden grid/Wooden Grid 2 - PURPLE.png
  artifactKey: Guid(ccc14dae599ef5e40b3d92683e91b2e5) Importer(815301076,1909f56bfc062723c751e8b465ee728b)
Start importing Assets/ImportedAssets/Pixel Art Flower Pack/Wooden garden grid/Wooden Grid 2 - PURPLE.png using Guid(ccc14dae599ef5e40b3d92683e91b2e5) Importer(815301076,1909f56bfc062723c751e8b465ee728b) (PreviewImporter) -> (artifact id: 'ab04a85bf0f144ef17169de9baa7eaf8') in 0.0151633 seconds
Number of updated asset objects reloaded before import = 0Number of asset objects unloaded after import = 3

========================================================================
Received Import Request.
  Time since last request: 0.000017 seconds.
  path: Assets/ImportedAssets/Pixel Art Flower Pack/Wooden garden grid/Wooden Grid 2 - YELLOW.png
  artifactKey: Guid(82d016885e331d74faf02872ba46987e) Importer(815301076,1909f56bfc062723c751e8b465ee728b)
Start importing Assets/ImportedAssets/Pixel Art Flower Pack/Wooden garden grid/Wooden Grid 2 - YELLOW.png using Guid(82d016885e331d74faf02872ba46987e) Importer(815301076,1909f56bfc062723c751e8b465ee728b) (PreviewImporter) -> (artifact id: '767c91650b30b5a18719932df826857c') in 0.0154432 seconds
Number of updated asset objects reloaded before import = 0Number of asset objects unloaded after import = 3

========================================================================
Received Import Request.
  Time since last request: 6.880437 seconds.
  path: Assets/ImportedAssets/Tiny RPG Forest/Artwork/sprites/treant/walk/treant-walk-side/treant-walk-side-3.png
  artifactKey: Guid(c4caec8cc98064142a508203aef791ad) Importer(815301076,1909f56bfc062723c751e8b465ee728b)
Start importing Assets/ImportedAssets/Tiny RPG Forest/Artwork/sprites/treant/walk/treant-walk-side/treant-walk-side-3.png using Guid(c4caec8cc98064142a508203aef791ad) Importer(815301076,1909f56bfc062723c751e8b465ee728b) (PreviewImporter) -> (artifact id: '98360eb2852264823ac8d55b48cefdbb') in 0.0198716 seconds
Number of updated asset objects reloaded before import = 0Number of asset objects unloaded after import = 3

========================================================================
Received Import Request.
  Time since last request: 0.203510 seconds.
  path: Assets/ImportedAssets/Tiny RPG Forest/Artwork/sprites/treant/walk/treant-walk-side/treant-walk-side-1.png
  artifactKey: Guid(898dab6b7cd524ce2807956319a8ca9f) Importer(815301076,1909f56bfc062723c751e8b465ee728b)
Start importing Assets/ImportedAssets/Tiny RPG Forest/Artwork/sprites/treant/walk/treant-walk-side/treant-walk-side-1.png using Guid(898dab6b7cd524ce2807956319a8ca9f) Importer(815301076,1909f56bfc062723c751e8b465ee728b) (PreviewImporter) -> (artifact id: '18e55b8dacb3824a2f3576e71f858c2d') in 0.0247707 seconds
Number of updated asset objects reloaded before import = 0Number of asset objects unloaded after import = 3

========================================================================
Received Import Request.
  Time since last request: 0.000402 seconds.
  path: Assets/ImportedAssets/Tiny RPG Forest/Artwork/sprites/treant/walk/treant-walk-front/treant-walk-front-3.png
  artifactKey: Guid(6297ba741c5194c9b9c4af25d7cef903) Importer(815301076,1909f56bfc062723c751e8b465ee728b)
Start importing Assets/ImportedAssets/Tiny RPG Forest/Artwork/sprites/treant/walk/treant-walk-front/treant-walk-front-3.png using Guid(6297ba741c5194c9b9c4af25d7cef903) Importer(815301076,1909f56bfc062723c751e8b465ee728b) (PreviewImporter) -> (artifact id: 'c8c24a592b653c8f9d531e6c27911c2c') in 0.0175765 seconds
Number of updated asset objects reloaded before import = 0Number of asset objects unloaded after import = 3

========================================================================
Received Import Request.
  Time since last request: 0.044681 seconds.
  path: Assets/ImportedAssets/Tiny RPG Forest/Artwork/sprites/treant/walk/treant-walk-front/treant-walk-front-1.png
  artifactKey: Guid(2ee1314051846416d927a45c9d0cc3cb) Importer(815301076,1909f56bfc062723c751e8b465ee728b)
Start importing Assets/ImportedAssets/Tiny RPG Forest/Artwork/sprites/treant/walk/treant-walk-front/treant-walk-front-1.png using Guid(2ee1314051846416d927a45c9d0cc3cb) Importer(815301076,1909f56bfc062723c751e8b465ee728b) (PreviewImporter) -> (artifact id: '93d23c8b9bf7932cebe9b9a6e2540aec') in 0.0170615 seconds
Number of updated asset objects reloaded before import = 0Number of asset objects unloaded after import = 3

========================================================================
Received Import Request.
  Time since last request: 3.398161 seconds.
  path: Assets/ImportedAssets/Pixel Art Flower Pack/Flower 13/Flower 13 - COLORFUL.png
  artifactKey: Guid(d14e7af3dc0d1dd4fa8e7f36af654f57) Importer(815301076,1909f56bfc062723c751e8b465ee728b)
Start importing Assets/ImportedAssets/Pixel Art Flower Pack/Flower 13/Flower 13 - COLORFUL.png using Guid(d14e7af3dc0d1dd4fa8e7f36af654f57) Importer(815301076,1909f56bfc062723c751e8b465ee728b) (PreviewImporter) -> (artifact id: 'd53d480b1855c722220092c16628ad47') in 0.0161196 seconds
Number of updated asset objects reloaded before import = 0Number of asset objects unloaded after import = 3

========================================================================
Received Import Request.
  Time since last request: 0.000015 seconds.
  path: Assets/ImportedAssets/Pixel Art Flower Pack/Flower 13/Flower 13 - PURPLE.png
  artifactKey: Guid(5529ea37adf460045a0069551c7ac58f) Importer(815301076,1909f56bfc062723c751e8b465ee728b)
Start importing Assets/ImportedAssets/Pixel Art Flower Pack/Flower 13/Flower 13 - PURPLE.png using Guid(5529ea37adf460045a0069551c7ac58f) Importer(815301076,1909f56bfc062723c751e8b465ee728b) (PreviewImporter) -> (artifact id: '9cf5b83f99c53efdcea30cd713213941') in 0.0153196 seconds
Number of updated asset objects reloaded before import = 0Number of asset objects unloaded after import = 3

========================================================================
Received Import Request.
  Time since last request: 0.000015 seconds.
  path: Assets/ImportedAssets/Pixel Art Flower Pack/Flower Pot 1/Flower Pot 1 - BLUE.png
  artifactKey: Guid(43cbad62b45640744a43cd5ba558acf5) Importer(815301076,1909f56bfc062723c751e8b465ee728b)
Start importing Assets/ImportedAssets/Pixel Art Flower Pack/Flower Pot 1/Flower Pot 1 - BLUE.png using Guid(43cbad62b45640744a43cd5ba558acf5) Importer(815301076,1909f56bfc062723c751e8b465ee728b) (PreviewImporter) -> (artifact id: '4e445e1f9550a771a5065baf47f823a5') in 0.0153217 seconds
Number of updated asset objects reloaded before import = 0Number of asset objects unloaded after import = 3

========================================================================
Received Import Request.
  Time since last request: 0.000016 seconds.
  path: Assets/ImportedAssets/Pixel Art Flower Pack/Empty Flower Pots/Flower Pot 1 - RED.png
  artifactKey: Guid(c3a58cf9d12651142922b83cc2b8fd67) Importer(815301076,1909f56bfc062723c751e8b465ee728b)
Start importing Assets/ImportedAssets/Pixel Art Flower Pack/Empty Flower Pots/Flower Pot 1 - RED.png using Guid(c3a58cf9d12651142922b83cc2b8fd67) Importer(815301076,1909f56bfc062723c751e8b465ee728b) (PreviewImporter) -> (artifact id: '85888b79eddc9afe4565692faeb76b41') in 0.0091283 seconds
Number of updated asset objects reloaded before import = 0Number of asset objects unloaded after import = 3

========================================================================
Received Import Request.
  Time since last request: 2.604719 seconds.
  path: Assets/ImportedAssets/Pixel Art Flower Pack/Bush 1 (No Flowers)/Bush 1 (no flowers) - RED.png
  artifactKey: Guid(5455955aa84d9ef4dbea8dca83d8c1ca) Importer(815301076,1909f56bfc062723c751e8b465ee728b)
Start importing Assets/ImportedAssets/Pixel Art Flower Pack/Bush 1 (No Flowers)/Bush 1 (no flowers) - RED.png using Guid(5455955aa84d9ef4dbea8dca83d8c1ca) Importer(815301076,1909f56bfc062723c751e8b465ee728b) (PreviewImporter) -> (artifact id: 'd384c41bc3434f1914930d5fbaa324dc') in 0.0240236 seconds
Number of updated asset objects reloaded before import = 0Number of asset objects unloaded after import = 3

========================================================================
Received Import Request.
  Time since last request: 0.031532 seconds.
  path: Assets/ImportedAssets/Pixel Art Flower Pack/Bush 1/Bush 1 - GREEN.png
  artifactKey: Guid(292ac1d94810dbe489f587f767b4cf34) Importer(815301076,1909f56bfc062723c751e8b465ee728b)
Start importing Assets/ImportedAssets/Pixel Art Flower Pack/Bush 1/Bush 1 - GREEN.png using Guid(292ac1d94810dbe489f587f767b4cf34) Importer(815301076,1909f56bfc062723c751e8b465ee728b) (PreviewImporter) -> (artifact id: '46bb86e9ab10e0fcd9d869ea9d80675c') in 0.0155049 seconds
Number of updated asset objects reloaded before import = 0Number of asset objects unloaded after import = 3

========================================================================
Received Import Request.
  Time since last request: 0.000015 seconds.
  path: Assets/ImportedAssets/Pixel Art Flower Pack/Bush 1/Bush 1 - RED.png
  artifactKey: Guid(022debbc99fdfb84586a2d220550c106) Importer(815301076,1909f56bfc062723c751e8b465ee728b)
Start importing Assets/ImportedAssets/Pixel Art Flower Pack/Bush 1/Bush 1 - RED.png using Guid(022debbc99fdfb84586a2d220550c106) Importer(815301076,1909f56bfc062723c751e8b465ee728b) (PreviewImporter) -> (artifact id: '980559c2d0bc0b5bdf3cff4f7ac4de8a') in 0.0179863 seconds
Number of updated asset objects reloaded before import = 0Number of asset objects unloaded after import = 3

========================================================================
Received Import Request.
  Time since last request: 0.018807 seconds.
  path: Assets/ImportedAssets/Pixel Art Flower Pack/Bush 1/Bush 1 - TEAL.png
  artifactKey: Guid(085afdf292452a247bc5c93c60c79db0) Importer(815301076,1909f56bfc062723c751e8b465ee728b)
Start importing Assets/ImportedAssets/Pixel Art Flower Pack/Bush 1/Bush 1 - TEAL.png using Guid(085afdf292452a247bc5c93c60c79db0) Importer(815301076,1909f56bfc062723c751e8b465ee728b) (PreviewImporter) -> (artifact id: 'e20e2dbe50cf947e960f2f09e70b2775') in 0.0153887 seconds
Number of updated asset objects reloaded before import = 0Number of asset objects unloaded after import = 3

========================================================================
Received Import Request.
  Time since last request: 0.176549 seconds.
  path: Assets/ImportedAssets/Pixel Art Flower Pack/Bush 1/Bush 1 - TEAL 3.png
  artifactKey: Guid(1250effaff72e7045b9426dfab91a234) Importer(815301076,1909f56bfc062723c751e8b465ee728b)
Start importing Assets/ImportedAssets/Pixel Art Flower Pack/Bush 1/Bush 1 - TEAL 3.png using Guid(1250effaff72e7045b9426dfab91a234) Importer(815301076,1909f56bfc062723c751e8b465ee728b) (PreviewImporter) -> (artifact id: '57a17198227dd2ef909ad2cca3c88e49') in 0.0156962 seconds
Number of updated asset objects reloaded before import = 0Number of asset objects unloaded after import = 3

========================================================================
Received Prepare
Script 'Camera' has the same name as built-in Unity component.
AddComponent and GetComponent will not work with this script.
Refreshing native plugins compatible for Editor in 5.14 ms, found 4 plugins.
Preloading 0 native plugins for Editor in 0.00 ms.
Unloading 1 Unused Serialized files (Serialized files now loaded: 0)
Unloading 5315 unused Assets / (1.3 MB). Loaded Objects now: 5980.
Memory consumption went from 116.4 MB to 115.1 MB.
Total: 13.656500 ms (FindLiveObjects: 0.649400 ms CreateObjectMapping: 0.885000 ms MarkObjects: 10.586600 ms  DeleteObjects: 1.534300 ms)

Prepare: number of updated asset objects reloaded= 0
========================================================================
Received Prepare
Script 'Camera' has the same name as built-in Unity component.
AddComponent and GetComponent will not work with this script.
Refreshing native plugins compatible for Editor in 7.13 ms, found 4 plugins.
Preloading 0 native plugins for Editor in 0.00 ms.
Unloading 1 Unused Serialized files (Serialized files now loaded: 0)
Unloading 5315 unused Assets / (1.5 MB). Loaded Objects now: 5980.
Memory consumption went from 116.4 MB to 114.8 MB.
Total: 14.066200 ms (FindLiveObjects: 0.635700 ms CreateObjectMapping: 1.098800 ms MarkObjects: 10.561100 ms  DeleteObjects: 1.769500 ms)

Prepare: number of updated asset objects reloaded= 0
========================================================================
Received Import Request.
  Time since last request: 221.822440 seconds.
  path: Assets/ImportedAssets/Farm Game UI - Simple 2D UI/Sprites/256x256/button_blue_pressed_2.png
  artifactKey: Guid(93e49e8ed4ce36449bf40e67cb7d07e8) Importer(815301076,1909f56bfc062723c751e8b465ee728b)
Start importing Assets/ImportedAssets/Farm Game UI - Simple 2D UI/Sprites/256x256/button_blue_pressed_2.png using Guid(93e49e8ed4ce36449bf40e67cb7d07e8) Importer(815301076,1909f56bfc062723c751e8b465ee728b) (PreviewImporter) -> (artifact id: '272e412a14f974df989f8e7cdfc76ba9') in 0.0253094 seconds
Number of updated asset objects reloaded before import = 0Number of asset objects unloaded after import = 3

========================================================================
Received Import Request.
  Time since last request: 0.000021 seconds.
  path: Assets/ImportedAssets/Farm Game UI - Simple 2D UI/Sprites/256x256/button_green_pressed_2.png
  artifactKey: Guid(7f85979030a88974992ae57906f3b04a) Importer(815301076,1909f56bfc062723c751e8b465ee728b)
Start importing Assets/ImportedAssets/Farm Game UI - Simple 2D UI/Sprites/256x256/button_green_pressed_2.png using Guid(7f85979030a88974992ae57906f3b04a) Importer(815301076,1909f56bfc062723c751e8b465ee728b) (PreviewImporter) -> (artifact id: '1d4ee36db6f790c11a7c291b7f740b6d') in 0.0417391 seconds
Number of updated asset objects reloaded before import = 0Number of asset objects unloaded after import = 3

========================================================================
Received Import Request.
  Time since last request: 0.000143 seconds.
  path: Assets/ImportedAssets/Farm Game UI - Simple 2D UI/Sprites/256x256/panel_title_2.png
  artifactKey: Guid(5d9423aa043d52545974fb6a201dec86) Importer(815301076,1909f56bfc062723c751e8b465ee728b)
Start importing Assets/ImportedAssets/Farm Game UI - Simple 2D UI/Sprites/256x256/panel_title_2.png using Guid(5d9423aa043d52545974fb6a201dec86) Importer(815301076,1909f56bfc062723c751e8b465ee728b) (PreviewImporter) -> (artifact id: 'a4944cb4258ad7b20abcf3996551f9bc') in 0.037949 seconds
Number of updated asset objects reloaded before import = 0Number of asset objects unloaded after import = 3

========================================================================
Received Import Request.
  Time since last request: 0.000020 seconds.
  path: Assets/ImportedAssets/Farm Game UI - Simple 2D UI/Sprites/256x256/panel_2.png
  artifactKey: Guid(1d7501232a26f3d4ba68eb61c8ac5dcf) Importer(815301076,1909f56bfc062723c751e8b465ee728b)
Start importing Assets/ImportedAssets/Farm Game UI - Simple 2D UI/Sprites/256x256/panel_2.png using Guid(1d7501232a26f3d4ba68eb61c8ac5dcf) Importer(815301076,1909f56bfc062723c751e8b465ee728b) (PreviewImporter) -> (artifact id: '11a17e06a35b70e967190a720a4e57bb') in 0.0600581 seconds
Number of updated asset objects reloaded before import = 0Number of asset objects unloaded after import = 3

========================================================================
Received Import Request.
  Time since last request: 0.000018 seconds.
  path: Assets/ImportedAssets/Farm Game UI - Simple 2D UI/Sprites/256x256/button_gray_default_2.png
  artifactKey: Guid(dc64f8ab275be8141a12dd26f6324a99) Importer(815301076,1909f56bfc062723c751e8b465ee728b)
Start importing Assets/ImportedAssets/Farm Game UI - Simple 2D UI/Sprites/256x256/button_gray_default_2.png using Guid(dc64f8ab275be8141a12dd26f6324a99) Importer(815301076,1909f56bfc062723c751e8b465ee728b) (PreviewImporter) -> (artifact id: 'b6fc3d8a08fb60be8fc99864a7edef9a') in 0.0231656 seconds
Number of updated asset objects reloaded before import = 0Number of asset objects unloaded after import = 3

========================================================================
Received Import Request.
  Time since last request: 0.000021 seconds.
  path: Assets/ImportedAssets/Farm Game UI - Simple 2D UI/Sprites/256x256/button_green_default_2.png
  artifactKey: Guid(8b572ed8117047647b2d3d47940bb1b9) Importer(815301076,1909f56bfc062723c751e8b465ee728b)
Start importing Assets/ImportedAssets/Farm Game UI - Simple 2D UI/Sprites/256x256/button_green_default_2.png using Guid(8b572ed8117047647b2d3d47940bb1b9) Importer(815301076,1909f56bfc062723c751e8b465ee728b) (PreviewImporter) -> (artifact id: '9889ae2a754b06fbd5c7d434e63276b2') in 0.0192658 seconds
Number of updated asset objects reloaded before import = 0Number of asset objects unloaded after import = 3

========================================================================
Received Import Request.
  Time since last request: 0.000029 seconds.
  path: Assets/ImportedAssets/Farm Game UI - Simple 2D UI/Sprites/256x256/icon_bread_2.png
  artifactKey: Guid(ae63c3e8eda8f764eb200c6975610cb9) Importer(815301076,1909f56bfc062723c751e8b465ee728b)
Start importing Assets/ImportedAssets/Farm Game UI - Simple 2D UI/Sprites/256x256/icon_bread_2.png using Guid(ae63c3e8eda8f764eb200c6975610cb9) Importer(815301076,1909f56bfc062723c751e8b465ee728b) (PreviewImporter) -> (artifact id: 'a5b80f19e849a0d9d015bcb7ccb9bdbd') in 0.0192436 seconds
Number of updated asset objects reloaded before import = 0Number of asset objects unloaded after import = 3

========================================================================
Received Import Request.
  Time since last request: 0.000015 seconds.
  path: Assets/ImportedAssets/Farm Game UI - Simple 2D UI/Sprites/256x256/icon_wheat_2.png
  artifactKey: Guid(b16f466f80f1d7e48b2f3df323f30eb2) Importer(815301076,1909f56bfc062723c751e8b465ee728b)
Start importing Assets/ImportedAssets/Farm Game UI - Simple 2D UI/Sprites/256x256/icon_wheat_2.png using Guid(b16f466f80f1d7e48b2f3df323f30eb2) Importer(815301076,1909f56bfc062723c751e8b465ee728b) (PreviewImporter) -> (artifact id: '25a97b8885a7dc769e3b0a5153aa032b') in 0.020343 seconds
Number of updated asset objects reloaded before import = 0Number of asset objects unloaded after import = 3

========================================================================
Received Import Request.
  Time since last request: 0.000017 seconds.
  path: Assets/ImportedAssets/Farm Game UI - Simple 2D UI/Sprites/256x256/button_purple_default_2.png
  artifactKey: Guid(11d6874f56486e342aee373a9becbe2d) Importer(815301076,1909f56bfc062723c751e8b465ee728b)
Start importing Assets/ImportedAssets/Farm Game UI - Simple 2D UI/Sprites/256x256/button_purple_default_2.png using Guid(11d6874f56486e342aee373a9becbe2d) Importer(815301076,1909f56bfc062723c751e8b465ee728b) (PreviewImporter) -> (artifact id: '760380ba264fb478a45692e56abf9713') in 0.0164043 seconds
Number of updated asset objects reloaded before import = 0Number of asset objects unloaded after import = 3

========================================================================
Received Import Request.
  Time since last request: 0.516559 seconds.
  path: Assets/ImportedAssets/Farm Game UI - Simple 2D UI/Sprites/256x256/slider_fill_2.png
  artifactKey: Guid(341823109243a314f89c4fc3e44f1080) Importer(815301076,1909f56bfc062723c751e8b465ee728b)
Start importing Assets/ImportedAssets/Farm Game UI - Simple 2D UI/Sprites/256x256/slider_fill_2.png using Guid(341823109243a314f89c4fc3e44f1080) Importer(815301076,1909f56bfc062723c751e8b465ee728b) (PreviewImporter) -> (artifact id: 'fc6f803e04720a47771edc6ad1dd720e') in 0.0206649 seconds
Number of updated asset objects reloaded before import = 0Number of asset objects unloaded after import = 3

Editor requested this worker to shutdown with reason: Scaling down because of idle timeout
AssetImportWorker is now disconnected from the server
Process exiting
Exiting without the bug reporter. Application will terminate with return code 0