Using pre-set license
Built from '2023.2/staging' branch; Version is '2023.2.20f1 (0e25a174756c) revision 927137'; Using compiler version '193431935'; Build Type 'Release'
OS: 'Windows 10  (10.0.19044) 64bit Professional' Language: 'ko' Physical Memory: 16315 MB
BatchMode: 1, IsHumanControllingUs: 0, StartBugReporterOnCrash: 0, Is64bit: 1, IsPro: 1

COMMAND LINE ARGUMENTS:
C:\Program Files\Unity\Hub\Editor\2023.2.20f1\Editor\Unity.exe
-adb2
-batchMode
-noUpm
-name
AssetImportWorker14
-projectPath
C:/3young/2506_2dProject/2506_2dProject
-logFile
Logs/AssetImportWorker14.log
-srvPort
52473
-job-worker-count
5
-background-job-worker-count
8
-asset-garbage-collectors
1
Successfully changed project path to: C:/3young/2506_2dProject/2506_2dProject
C:/3young/2506_2dProject/2506_2dProject
[UnityMemory] Configuration Parameters - Can be set up in boot.config
    "memorysetup-bucket-allocator-granularity=16"
    "memorysetup-bucket-allocator-bucket-count=8"
    "memorysetup-bucket-allocator-block-size=33554432"
    "memorysetup-bucket-allocator-block-count=8"
    "memorysetup-main-allocator-block-size=16777216"
    "memorysetup-thread-allocator-block-size=16777216"
    "memorysetup-gfx-main-allocator-block-size=16777216"
    "memorysetup-gfx-thread-allocator-block-size=16777216"
    "memorysetup-cache-allocator-block-size=4194304"
    "memorysetup-typetree-allocator-block-size=2097152"
    "memorysetup-profiler-bucket-allocator-granularity=16"
    "memorysetup-profiler-bucket-allocator-bucket-count=8"
    "memorysetup-profiler-bucket-allocator-block-size=33554432"
    "memorysetup-profiler-bucket-allocator-block-count=8"
    "memorysetup-profiler-allocator-block-size=16777216"
    "memorysetup-profiler-editor-allocator-block-size=1048576"
    "memorysetup-temp-allocator-size-main=16777216"
    "memorysetup-job-temp-allocator-block-size=2097152"
    "memorysetup-job-temp-allocator-block-size-background=1048576"
    "memorysetup-job-temp-allocator-reduction-small-platforms=262144"
    "memorysetup-allocator-temp-initial-block-size-main=262144"
    "memorysetup-allocator-temp-initial-block-size-worker=262144"
    "memorysetup-temp-allocator-size-background-worker=32768"
    "memorysetup-temp-allocator-size-job-worker=262144"
    "memorysetup-temp-allocator-size-preload-manager=33554432"
    "memorysetup-temp-allocator-size-nav-mesh-worker=65536"
    "memorysetup-temp-allocator-size-audio-worker=65536"
    "memorysetup-temp-allocator-size-cloud-worker=32768"
    "memorysetup-temp-allocator-size-gi-baking-worker=262144"
    "memorysetup-temp-allocator-size-gi-baking-worker=262144"
    "memorysetup-temp-allocator-size-gi-baking-worker=262144"
    "memorysetup-temp-allocator-size-gi-baking-worker=262144"
    "memorysetup-temp-allocator-size-gfx=262144"
Player connection [21740] Host "[IP] 192.168.0.174 [Port] 0 [Flags] 2 [Guid] 2194639912 [EditorId] 2194639912 [Version] 1048832 [Id] WindowsEditor(7,DESKTOP-7GLVIQO) [Debug] 1 [PackageName] WindowsEditor [ProjectName] Editor" joined multi-casting on [225.0.0.222:54997]...
Player connection [21740] Host "[IP] 192.168.0.174 [Port] 0 [Flags] 2 [Guid] 2194639912 [EditorId] 2194639912 [Version] 1048832 [Id] WindowsEditor(7,DESKTOP-7GLVIQO) [Debug] 1 [PackageName] WindowsEditor [ProjectName] Editor" joined alternative multi-casting on [225.0.0.222:34997]...
JobSystem: Creating JobQueue using job-worker-count value 5
[Physics::Module] Initialized MultithreadedJobDispatcher with 5 workers.
Library Redirect Path: Library/
Refreshing native plugins compatible for Editor in 6.26 ms, found 4 plugins.
Preloading 0 native plugins for Editor in 0.00 ms.
Initialize engine version: 2023.2.20f1 (0e25a174756c)
[Subsystems] Discovering subsystems at path C:/Program Files/Unity/Hub/Editor/2023.2.20f1/Editor/Data/Resources/UnitySubsystems
[Subsystems] Discovering subsystems at path C:/3young/2506_2dProject/2506_2dProject/Assets
GfxDevice: creating device client; kGfxThreadingModeNonThreaded
Direct3D:
    Version:  Direct3D 11.0 [level 11.1]
    Renderer: NVIDIA GeForce GTX 1660 SUPER (ID=0x21c4)
    Vendor:   NVIDIA
    VRAM:     5966 MB
    Driver:   32.0.15.6614
Initialize mono
Mono path[0] = 'C:/Program Files/Unity/Hub/Editor/2023.2.20f1/Editor/Data/Managed'
Mono path[1] = 'C:/Program Files/Unity/Hub/Editor/2023.2.20f1/Editor/Data/MonoBleedingEdge/lib/mono/unityjit-win32'
Mono config path = 'C:/Program Files/Unity/Hub/Editor/2023.2.20f1/Editor/Data/MonoBleedingEdge/etc'
Using monoOptions --debugger-agent=transport=dt_socket,embedding=1,server=y,suspend=n,address=127.0.0.1:56524
Begin MonoManager ReloadAssembly
Registering precompiled unity dll's ...
Register platform support module: C:/Program Files/Unity/Hub/Editor/2023.2.20f1/Editor/Data/PlaybackEngines/WebGLSupport/UnityEditor.WebGL.Extensions.dll
Register platform support module: C:/Program Files/Unity/Hub/Editor/2023.2.20f1/Editor/Data/PlaybackEngines/WindowsStandaloneSupport/UnityEditor.WindowsStandalone.Extensions.dll
Register platform support module: C:/Program Files/Unity/Hub/Editor/2023.2.20f1/Editor/Data/PlaybackEngines/AndroidPlayer/UnityEditor.Android.Extensions.dll
Registered in 0.005013 seconds.
- Loaded All Assemblies, in  0.421 seconds
Native extension for Android target not found
Android Extension - Scanning For ADB Devices 203 ms
Native extension for WindowsStandalone target not found
Native extension for WebGL target not found
Mono: successfully reloaded assembly
- Finished resetting the current domain, in  0.579 seconds
Domain Reload Profiling: 998ms
	BeginReloadAssembly (133ms)
		ExecutionOrderSort (0ms)
		DisableScriptedObjects (0ms)
		BackupInstance (0ms)
		ReleaseScriptingObjects (0ms)
		CreateAndSetChildDomain (1ms)
	RebuildCommonClasses (39ms)
	RebuildNativeTypeToScriptingClass (14ms)
	initialDomainReloadingComplete (54ms)
	LoadAllAssembliesAndSetupDomain (178ms)
		LoadAssemblies (131ms)
		RebuildTransferFunctionScriptingTraits (0ms)
		AnalyzeDomain (175ms)
			TypeCache.Refresh (174ms)
				TypeCache.ScanAssembly (160ms)
			BuildScriptInfoCaches (0ms)
			ResolveRequiredComponents (0ms)
	FinalizeReload (579ms)
		ReleaseScriptCaches (0ms)
		RebuildScriptCaches (0ms)
		SetupLoadedEditorAssemblies (518ms)
			LogAssemblyErrors (0ms)
			InitializePlatformSupportModulesInManaged (309ms)
			SetLoadedEditorAssemblies (4ms)
			BeforeProcessingInitializeOnLoad (5ms)
			ProcessInitializeOnLoadAttributes (152ms)
			ProcessInitializeOnLoadMethodAttributes (48ms)
			AfterProcessingInitializeOnLoad (0ms)
			EditorAssembliesLoaded (0ms)
		ExecutionOrderSort2 (0ms)
		AwakeInstancesAfterBackupRestoration (0ms)
========================================================================
Worker process is ready to serve import requests
Import Worker Mode flag is 0x00
Begin MonoManager ReloadAssembly
Symbol file LoadedFromMemory doesn't match image C:\3young\2506_2dProject\2506_2dProject\Library\PackageCache\com.unity.visualscripting@1.8.0\Editor\VisualScripting.Core\Dependencies\YamlDotNet\Unity.VisualScripting.YamlDotNet.dll
Symbol file LoadedFromMemory doesn't match image C:\3young\2506_2dProject\2506_2dProject\Library\PackageCache\com.unity.visualscripting@1.8.0\Editor\VisualScripting.Core\Dependencies\DotNetZip\Unity.VisualScripting.IonicZip.dll
Symbol file LoadedFromMemory is not a mono symbol file
- Loaded All Assemblies, in  0.959 seconds
Script 'Camera' has the same name as built-in Unity component.
AddComponent and GetComponent will not work with this script.
Refreshing native plugins compatible for Editor in 5.02 ms, found 4 plugins.
Native extension for Android target not found
Native extension for WindowsStandalone target not found
Native extension for WebGL target not found
Refreshing native plugins compatible for Editor in 5.11 ms, found 4 plugins.
Mono: successfully reloaded assembly
- Finished resetting the current domain, in  0.877 seconds
Domain Reload Profiling: 1832ms
	BeginReloadAssembly (351ms)
		ExecutionOrderSort (0ms)
		DisableScriptedObjects (6ms)
		BackupInstance (0ms)
		ReleaseScriptingObjects (0ms)
		CreateAndSetChildDomain (30ms)
	RebuildCommonClasses (42ms)
	RebuildNativeTypeToScriptingClass (16ms)
	initialDomainReloadingComplete (41ms)
	LoadAllAssembliesAndSetupDomain (504ms)
		LoadAssemblies (382ms)
		RebuildTransferFunctionScriptingTraits (0ms)
		AnalyzeDomain (229ms)
			TypeCache.Refresh (181ms)
				TypeCache.ScanAssembly (160ms)
			BuildScriptInfoCaches (39ms)
			ResolveRequiredComponents (6ms)
	FinalizeReload (877ms)
		ReleaseScriptCaches (0ms)
		RebuildScriptCaches (0ms)
		SetupLoadedEditorAssemblies (662ms)
			LogAssemblyErrors (0ms)
			InitializePlatformSupportModulesInManaged (19ms)
			SetLoadedEditorAssemblies (5ms)
			BeforeProcessingInitializeOnLoad (69ms)
			ProcessInitializeOnLoadAttributes (362ms)
			ProcessInitializeOnLoadMethodAttributes (202ms)
			AfterProcessingInitializeOnLoad (5ms)
			EditorAssembliesLoaded (0ms)
		ExecutionOrderSort2 (0ms)
		AwakeInstancesAfterBackupRestoration (8ms)
Launched and connected shader compiler UnityShaderCompiler.exe after 0.01 seconds
Refreshing native plugins compatible for Editor in 4.87 ms, found 4 plugins.
Preloading 0 native plugins for Editor in 0.00 ms.
Unloading 15 Unused Serialized files (Serialized files now loaded: 0)
Unloading 5326 unused Assets / (1.7 MB). Loaded Objects now: 5879.
Memory consumption went from 119.4 MB to 117.8 MB.
Total: 11.321100 ms (FindLiveObjects: 0.609500 ms CreateObjectMapping: 0.792400 ms MarkObjects: 8.446300 ms  DeleteObjects: 1.471700 ms)

========================================================================
Received Import Request.
  Time since last request: 16069.375591 seconds.
  path: Assets/ImportedAssets/Pet Cats pack/Sprites/Cat-3/Cat-3-Laying.png
  artifactKey: Guid(6e98cff7a344aae4bbd1892df8a10059) Importer(815301076,1909f56bfc062723c751e8b465ee728b)
Start importing Assets/ImportedAssets/Pet Cats pack/Sprites/Cat-3/Cat-3-Laying.png using Guid(6e98cff7a344aae4bbd1892df8a10059) Importer(815301076,1909f56bfc062723c751e8b465ee728b) (PreviewImporter) -> (artifact id: '53090508d1177441d5548267c8a285de') in 0.1181442 seconds
Number of updated asset objects reloaded before import = 0Number of asset objects unloaded after import = 10

========================================================================
Received Import Request.
  Time since last request: 13.463564 seconds.
  path: Assets/ImportedAssets/Pet Cats pack/Sprites/Cat-5/Cat-5-Laying.png
  artifactKey: Guid(8f2930b670a6d6b429521a204bcb8679) Importer(815301076,1909f56bfc062723c751e8b465ee728b)
Start importing Assets/ImportedAssets/Pet Cats pack/Sprites/Cat-5/Cat-5-Laying.png using Guid(8f2930b670a6d6b429521a204bcb8679) Importer(815301076,1909f56bfc062723c751e8b465ee728b) (PreviewImporter) -> (artifact id: '71ffb62eb6d6fb99418ab1c67dd88d55') in 0.0771869 seconds
Number of updated asset objects reloaded before import = 0Number of asset objects unloaded after import = 10

========================================================================
Received Import Request.
  Time since last request: 0.000016 seconds.
  path: Assets/ImportedAssets/Pet Cats pack/Sprites/Cat-5/Cat-5-Walk.png
  artifactKey: Guid(7eac5270efcdc4043bccba1af8e50f1d) Importer(815301076,1909f56bfc062723c751e8b465ee728b)
Start importing Assets/ImportedAssets/Pet Cats pack/Sprites/Cat-5/Cat-5-Walk.png using Guid(7eac5270efcdc4043bccba1af8e50f1d) Importer(815301076,1909f56bfc062723c751e8b465ee728b) (PreviewImporter) -> (artifact id: '460af4f7f956b2a681cee35fad772715') in 0.0558642 seconds
Number of updated asset objects reloaded before import = 0Number of asset objects unloaded after import = 10

========================================================================
Received Import Request.
  Time since last request: 0.000021 seconds.
  path: Assets/ImportedAssets/Pet Cats pack/Sprites/Cat-5/Cat-5-Stretching.png
  artifactKey: Guid(8ae4c5766e867744489213fe12926e42) Importer(815301076,1909f56bfc062723c751e8b465ee728b)
Start importing Assets/ImportedAssets/Pet Cats pack/Sprites/Cat-5/Cat-5-Stretching.png using Guid(8ae4c5766e867744489213fe12926e42) Importer(815301076,1909f56bfc062723c751e8b465ee728b) (PreviewImporter) -> (artifact id: '5f2eb2c8b4e8a4846ac6d09761b82655') in 0.0825456 seconds
Number of updated asset objects reloaded before import = 0Number of asset objects unloaded after import = 15

========================================================================
Received Import Request.
  Time since last request: 0.276887 seconds.
  path: Assets/ImportedAssets/Pet Cats pack/Sprites/Cat-4/Cat-4-Laying.png
  artifactKey: Guid(a7e7516a5cf0e9446877913d2fb9c3b8) Importer(815301076,1909f56bfc062723c751e8b465ee728b)
Start importing Assets/ImportedAssets/Pet Cats pack/Sprites/Cat-4/Cat-4-Laying.png using Guid(a7e7516a5cf0e9446877913d2fb9c3b8) Importer(815301076,1909f56bfc062723c751e8b465ee728b) (PreviewImporter) -> (artifact id: '17461df1955adee430f38830d8997ab7') in 0.0188539 seconds
Number of updated asset objects reloaded before import = 0Number of asset objects unloaded after import = 10

========================================================================
Received Import Request.
  Time since last request: 0.000017 seconds.
  path: Assets/ImportedAssets/Pet Cats pack/Sprites/Cat-4/Cat-4-Sitting.png
  artifactKey: Guid(5a7b7a2372c9d36468409b34488877d9) Importer(815301076,1909f56bfc062723c751e8b465ee728b)
Start importing Assets/ImportedAssets/Pet Cats pack/Sprites/Cat-4/Cat-4-Sitting.png using Guid(5a7b7a2372c9d36468409b34488877d9) Importer(815301076,1909f56bfc062723c751e8b465ee728b) (PreviewImporter) -> (artifact id: '73a2242db5719b613c2be8d344f91911') in 0.0182504 seconds
Number of updated asset objects reloaded before import = 0Number of asset objects unloaded after import = 3

========================================================================
Received Import Request.
  Time since last request: 0.000027 seconds.
  path: Assets/ImportedAssets/Pet Cats pack/Sprites/Cat-4/Cat-4-Run.png
  artifactKey: Guid(e8484ff5fa033054db28011d75be187f) Importer(815301076,1909f56bfc062723c751e8b465ee728b)
Start importing Assets/ImportedAssets/Pet Cats pack/Sprites/Cat-4/Cat-4-Run.png using Guid(e8484ff5fa033054db28011d75be187f) Importer(815301076,1909f56bfc062723c751e8b465ee728b) (PreviewImporter) -> (artifact id: '59af5fd87579a24648dc95472783c52a') in 0.0202796 seconds
Number of updated asset objects reloaded before import = 0Number of asset objects unloaded after import = 10

========================================================================
Received Import Request.
  Time since last request: 0.000017 seconds.
  path: Assets/ImportedAssets/Pet Cats pack/Sprites/Cat-4/Cat-4-Licking 2.png
  artifactKey: Guid(c5d6cfa24639e7a43aa506c1aee3558b) Importer(815301076,1909f56bfc062723c751e8b465ee728b)
Start importing Assets/ImportedAssets/Pet Cats pack/Sprites/Cat-4/Cat-4-Licking 2.png using Guid(c5d6cfa24639e7a43aa506c1aee3558b) Importer(815301076,1909f56bfc062723c751e8b465ee728b) (PreviewImporter) -> (artifact id: '2853f15c43339e6518f94080dae7d45f') in 0.0233931 seconds
Number of updated asset objects reloaded before import = 0Number of asset objects unloaded after import = 7

========================================================================
Received Import Request.
  Time since last request: 15.516289 seconds.
  path: Assets/ImportedAssets/Pet Cats pack/Sprites/Cat-6/Cat-6-Laying.png
  artifactKey: Guid(4cdc3d328b07c354cb69e1f344cdf0c4) Importer(815301076,1909f56bfc062723c751e8b465ee728b)
Start importing Assets/ImportedAssets/Pet Cats pack/Sprites/Cat-6/Cat-6-Laying.png using Guid(4cdc3d328b07c354cb69e1f344cdf0c4) Importer(815301076,1909f56bfc062723c751e8b465ee728b) (PreviewImporter) -> (artifact id: 'd5b81c8369dac67197e77e7e93c43b07') in 0.0729904 seconds
Number of updated asset objects reloaded before import = 0Number of asset objects unloaded after import = 10

========================================================================
Received Import Request.
  Time since last request: 0.000015 seconds.
  path: Assets/ImportedAssets/Pet Cats pack/Sprites/Cat-6/Cat-6-Sleeping1.png
  artifactKey: Guid(ac475537dbff9384d9c1a28292f2f92a) Importer(815301076,1909f56bfc062723c751e8b465ee728b)
Start importing Assets/ImportedAssets/Pet Cats pack/Sprites/Cat-6/Cat-6-Sleeping1.png using Guid(ac475537dbff9384d9c1a28292f2f92a) Importer(815301076,1909f56bfc062723c751e8b465ee728b) (PreviewImporter) -> (artifact id: 'e878005355519fac8352c4eed055b8dd') in 0.0170898 seconds
Number of updated asset objects reloaded before import = 0Number of asset objects unloaded after import = 3

========================================================================
Received Import Request.
  Time since last request: 0.000017 seconds.
  path: Assets/ImportedAssets/Pet Cats pack/Sprites/Cat-6/Cat-6-Licking 2.png
  artifactKey: Guid(add15abfc309ef54a95af31a307ddb43) Importer(815301076,1909f56bfc062723c751e8b465ee728b)
Start importing Assets/ImportedAssets/Pet Cats pack/Sprites/Cat-6/Cat-6-Licking 2.png using Guid(add15abfc309ef54a95af31a307ddb43) Importer(815301076,1909f56bfc062723c751e8b465ee728b) (PreviewImporter) -> (artifact id: 'eaf0cd3e36fafee71de27f82e785dea1') in 0.0495541 seconds
Number of updated asset objects reloaded before import = 0Number of asset objects unloaded after import = 7

========================================================================
Received Import Request.
  Time since last request: 0.000017 seconds.
  path: Assets/ImportedAssets/Pet Cats pack/Sprites/Cat-6/Cat-6-Sitting.png
  artifactKey: Guid(e7ce039764af4354ba01f9f5ee067645) Importer(815301076,1909f56bfc062723c751e8b465ee728b)
Start importing Assets/ImportedAssets/Pet Cats pack/Sprites/Cat-6/Cat-6-Sitting.png using Guid(e7ce039764af4354ba01f9f5ee067645) Importer(815301076,1909f56bfc062723c751e8b465ee728b) (PreviewImporter) -> (artifact id: '67fdc8aa434ab1f363c26830903c5481') in 0.0277939 seconds
Number of updated asset objects reloaded before import = 0Number of asset objects unloaded after import = 3

========================================================================
Received Import Request.
  Time since last request: 0.000019 seconds.
  path: Assets/ImportedAssets/Pet Cats pack/Sprites/Cat-6/Cat-6-Stretching.png
  artifactKey: Guid(8b84f3e518e740f4ebe2f2fae095802c) Importer(815301076,1909f56bfc062723c751e8b465ee728b)
Start importing Assets/ImportedAssets/Pet Cats pack/Sprites/Cat-6/Cat-6-Stretching.png using Guid(8b84f3e518e740f4ebe2f2fae095802c) Importer(815301076,1909f56bfc062723c751e8b465ee728b) (PreviewImporter) -> (artifact id: '6d0bd1ca77e5fe354a85ef1951329dd7') in 0.0322727 seconds
Number of updated asset objects reloaded before import = 0Number of asset objects unloaded after import = 15

========================================================================
Received Import Request.
  Time since last request: 75.658834 seconds.
  path: Assets/Prefabs/CatBoss.prefab
  artifactKey: Guid(37b8d09d40e37504cb47519ed5b7f84b) Importer(815301076,1909f56bfc062723c751e8b465ee728b)
Start importing Assets/Prefabs/CatBoss.prefab using Guid(37b8d09d40e37504cb47519ed5b7f84b) Importer(815301076,1909f56bfc062723c751e8b465ee728b) (PreviewImporter) -> (artifact id: '5dbfaa08f1aa9f8a4581e8468c10ae3d') in 0.0519389 seconds
Number of updated asset objects reloaded before import = 0Number of asset objects unloaded after import = 10

========================================================================
Received Import Request.
  Time since last request: 105.826788 seconds.
  path: Assets/ImportedAssets/MR3_2004/more icon/x2.png
  artifactKey: Guid(767ceb5d1715a824da8d4c792def3257) Importer(815301076,1909f56bfc062723c751e8b465ee728b)
Start importing Assets/ImportedAssets/MR3_2004/more icon/x2.png using Guid(767ceb5d1715a824da8d4c792def3257) Importer(815301076,1909f56bfc062723c751e8b465ee728b) (PreviewImporter) -> (artifact id: '42625854cc2558196c7f4c9e4fe6b518') in 0.0486662 seconds
Number of updated asset objects reloaded before import = 0Number of asset objects unloaded after import = 3

========================================================================
Received Import Request.
  Time since last request: 0.000018 seconds.
  path: Assets/ImportedAssets/MR3_2004/more icon/x10.png
  artifactKey: Guid(2689fa9663bd74e40b8e4a3ac0a88dcd) Importer(815301076,1909f56bfc062723c751e8b465ee728b)
Start importing Assets/ImportedAssets/MR3_2004/more icon/x10.png using Guid(2689fa9663bd74e40b8e4a3ac0a88dcd) Importer(815301076,1909f56bfc062723c751e8b465ee728b) (PreviewImporter) -> (artifact id: 'a82082a939dad0e6fd769bafd462b1a1') in 0.1097111 seconds
Number of updated asset objects reloaded before import = 0Number of asset objects unloaded after import = 3

========================================================================
Received Import Request.
  Time since last request: 0.000021 seconds.
  path: Assets/ImportedAssets/MR3_2004/more icon/x5.png
  artifactKey: Guid(bafd128b59c2cd14f8ea90e1842fa50c) Importer(815301076,1909f56bfc062723c751e8b465ee728b)
Start importing Assets/ImportedAssets/MR3_2004/more icon/x5.png using Guid(bafd128b59c2cd14f8ea90e1842fa50c) Importer(815301076,1909f56bfc062723c751e8b465ee728b) (PreviewImporter) -> (artifact id: '0ed3aba84e2c8db7c882f3e1ff77b92a') in 0.024927 seconds
Number of updated asset objects reloaded before import = 0Number of asset objects unloaded after import = 3

========================================================================
Received Import Request.
  Time since last request: 0.000014 seconds.
  path: Assets/ImportedAssets/MR3_2004/more icon/x9.png
  artifactKey: Guid(b6657202429e3ba45aef44c3eb7491ce) Importer(815301076,1909f56bfc062723c751e8b465ee728b)
Start importing Assets/ImportedAssets/MR3_2004/more icon/x9.png using Guid(b6657202429e3ba45aef44c3eb7491ce) Importer(815301076,1909f56bfc062723c751e8b465ee728b) (PreviewImporter) -> (artifact id: '765d5ca40d8de2bc80ca73a855356c9d') in 0.026459 seconds
Number of updated asset objects reloaded before import = 0Number of asset objects unloaded after import = 3

========================================================================
Received Import Request.
  Time since last request: 28.245343 seconds.
  path: Assets/ImportedAssets/Tiny RPG Forest/Artwork/sprites/mole/idle/mole-idle-side.png
  artifactKey: Guid(a52d43b4ff4dc4dfb99b796681f175fb) Importer(815301076,1909f56bfc062723c751e8b465ee728b)
Start importing Assets/ImportedAssets/Tiny RPG Forest/Artwork/sprites/mole/idle/mole-idle-side.png using Guid(a52d43b4ff4dc4dfb99b796681f175fb) Importer(815301076,1909f56bfc062723c751e8b465ee728b) (PreviewImporter) -> (artifact id: '1d3ffb8de8dacf4e9f0e196c139ce957') in 0.0614986 seconds
Number of updated asset objects reloaded before import = 0Number of asset objects unloaded after import = 3

========================================================================
Received Import Request.
  Time since last request: 3.006540 seconds.
  path: Assets/ImportedAssets/Tiny RPG Forest/Artwork/sprites/treant/idle/treant-idle-side.png
  artifactKey: Guid(4dbf9e4cb148c4dc991ed1bfc861e5e9) Importer(815301076,1909f56bfc062723c751e8b465ee728b)
Start importing Assets/ImportedAssets/Tiny RPG Forest/Artwork/sprites/treant/idle/treant-idle-side.png using Guid(4dbf9e4cb148c4dc991ed1bfc861e5e9) Importer(815301076,1909f56bfc062723c751e8b465ee728b) (PreviewImporter) -> (artifact id: 'f0e344eebec8f1cff06a7b3bace2e082') in 0.0180878 seconds
Number of updated asset objects reloaded before import = 0Number of asset objects unloaded after import = 3

========================================================================
Received Import Request.
  Time since last request: 169.989310 seconds.
  path: Assets/ImportedAssets/MR3_2004/Heart with wings/HeartW2.png
  artifactKey: Guid(ca93c9f28953b014d96c1f5a94f071f3) Importer(815301076,1909f56bfc062723c751e8b465ee728b)
Start importing Assets/ImportedAssets/MR3_2004/Heart with wings/HeartW2.png using Guid(ca93c9f28953b014d96c1f5a94f071f3) Importer(815301076,1909f56bfc062723c751e8b465ee728b) (PreviewImporter) -> (artifact id: '70b4eaaf5663566f372e8cb1542e748b') in 0.094094 seconds
Number of updated asset objects reloaded before import = 0Number of asset objects unloaded after import = 3

========================================================================
Received Import Request.
  Time since last request: 1.401594 seconds.
  path: Assets/ImportedAssets/MR3_2004/heart/2.png
  artifactKey: Guid(a553d446f1355034088231df614f5a47) Importer(815301076,1909f56bfc062723c751e8b465ee728b)
Start importing Assets/ImportedAssets/MR3_2004/heart/2.png using Guid(a553d446f1355034088231df614f5a47) Importer(815301076,1909f56bfc062723c751e8b465ee728b) (PreviewImporter) -> (artifact id: '1a60055b6cea763692ac9ff46c34a09f') in 0.0269549 seconds
Number of updated asset objects reloaded before import = 0Number of asset objects unloaded after import = 3

========================================================================
Received Import Request.
  Time since last request: 0.000019 seconds.
  path: Assets/ImportedAssets/MR3_2004/heart/Heart5.png
  artifactKey: Guid(1b2458358760c3440b19cb24882f20be) Importer(815301076,1909f56bfc062723c751e8b465ee728b)
Start importing Assets/ImportedAssets/MR3_2004/heart/Heart5.png using Guid(1b2458358760c3440b19cb24882f20be) Importer(815301076,1909f56bfc062723c751e8b465ee728b) (PreviewImporter) -> (artifact id: 'aa81e251d8b3e1db92917fdf1ce2ff6c') in 0.0327798 seconds
Number of updated asset objects reloaded before import = 0Number of asset objects unloaded after import = 3

========================================================================
Received Import Request.
  Time since last request: 0.000024 seconds.
  path: Assets/ImportedAssets/MR3_2004/heart/Heart15.png
  artifactKey: Guid(ccfb3fe41414ace42899655c56ae5fe6) Importer(815301076,1909f56bfc062723c751e8b465ee728b)
Start importing Assets/ImportedAssets/MR3_2004/heart/Heart15.png using Guid(ccfb3fe41414ace42899655c56ae5fe6) Importer(815301076,1909f56bfc062723c751e8b465ee728b) (PreviewImporter) -> (artifact id: '2971cb131ff9203e2645e60ec8eb4b55') in 0.0352126 seconds
Number of updated asset objects reloaded before import = 0Number of asset objects unloaded after import = 3

========================================================================
Received Import Request.
  Time since last request: 0.000017 seconds.
  path: Assets/ImportedAssets/MR3_2004/heart/Heart12.png
  artifactKey: Guid(4018dce8027b8834a9bcfd00ba4ab17f) Importer(815301076,1909f56bfc062723c751e8b465ee728b)
Start importing Assets/ImportedAssets/MR3_2004/heart/Heart12.png using Guid(4018dce8027b8834a9bcfd00ba4ab17f) Importer(815301076,1909f56bfc062723c751e8b465ee728b) (PreviewImporter) -> (artifact id: '4b5f51df727e860b43ba9339e166cbd3') in 0.0328139 seconds
Number of updated asset objects reloaded before import = 0Number of asset objects unloaded after import = 3

========================================================================
Received Import Request.
  Time since last request: 0.000024 seconds.
  path: Assets/ImportedAssets/MR3_2004/heart/Heart14.png
  artifactKey: Guid(d015fb24e740082428f2f2c20799a358) Importer(815301076,1909f56bfc062723c751e8b465ee728b)
Start importing Assets/ImportedAssets/MR3_2004/heart/Heart14.png using Guid(d015fb24e740082428f2f2c20799a358) Importer(815301076,1909f56bfc062723c751e8b465ee728b) (PreviewImporter) -> (artifact id: '178e88ad3a9f81aa13a524ee2443e785') in 0.0277426 seconds
Number of updated asset objects reloaded before import = 0Number of asset objects unloaded after import = 3

========================================================================
Received Import Request.
  Time since last request: 0.000015 seconds.
  path: Assets/ImportedAssets/MR3_2004/heart/Heart8.png
  artifactKey: Guid(f00d985a14fb1d342a51e6f08067d815) Importer(815301076,1909f56bfc062723c751e8b465ee728b)
Start importing Assets/ImportedAssets/MR3_2004/heart/Heart8.png using Guid(f00d985a14fb1d342a51e6f08067d815) Importer(815301076,1909f56bfc062723c751e8b465ee728b) (PreviewImporter) -> (artifact id: 'c2f3f4b847d28423ecadd2b3953db0a5') in 0.0186293 seconds
Number of updated asset objects reloaded before import = 0Number of asset objects unloaded after import = 3

========================================================================
Received Import Request.
  Time since last request: 0.000017 seconds.
  path: Assets/ImportedAssets/MR3_2004/heart/Heart2.png
  artifactKey: Guid(5f3c109f49cee424fa7b0b01d34bddcb) Importer(815301076,1909f56bfc062723c751e8b465ee728b)
Start importing Assets/ImportedAssets/MR3_2004/heart/Heart2.png using Guid(5f3c109f49cee424fa7b0b01d34bddcb) Importer(815301076,1909f56bfc062723c751e8b465ee728b) (PreviewImporter) -> (artifact id: 'f70da5ae373b25764f75953dc1688db7') in 0.0357326 seconds
Number of updated asset objects reloaded before import = 0Number of asset objects unloaded after import = 3

========================================================================
Received Import Request.
  Time since last request: 0.000024 seconds.
  path: Assets/ImportedAssets/MR3_2004/heart/Heart4.png
  artifactKey: Guid(77befefbc8c83714fa868ecb8d00b867) Importer(815301076,1909f56bfc062723c751e8b465ee728b)
Start importing Assets/ImportedAssets/MR3_2004/heart/Heart4.png using Guid(77befefbc8c83714fa868ecb8d00b867) Importer(815301076,1909f56bfc062723c751e8b465ee728b) (PreviewImporter) -> (artifact id: '6c4b45118dfd97c6b56d75fe0b0a60f5') in 0.0170686 seconds
Number of updated asset objects reloaded before import = 0Number of asset objects unloaded after import = 3

========================================================================
Received Import Request.
  Time since last request: 0.000016 seconds.
  path: Assets/ImportedAssets/MR3_2004/heart/Heart16.png
  artifactKey: Guid(a2cf291cad8821f4f97e3042c1a702a8) Importer(815301076,1909f56bfc062723c751e8b465ee728b)
Start importing Assets/ImportedAssets/MR3_2004/heart/Heart16.png using Guid(a2cf291cad8821f4f97e3042c1a702a8) Importer(815301076,1909f56bfc062723c751e8b465ee728b) (PreviewImporter) -> (artifact id: '6127c4d926451b5da5119ec222e80856') in 0.0215482 seconds
Number of updated asset objects reloaded before import = 0Number of asset objects unloaded after import = 3

========================================================================
Received Import Request.
  Time since last request: 0.000038 seconds.
  path: Assets/ImportedAssets/MR3_2004/heart/Heart1.png
  artifactKey: Guid(cab71af7f16cdd549a7c75108de9b41c) Importer(815301076,1909f56bfc062723c751e8b465ee728b)
Start importing Assets/ImportedAssets/MR3_2004/heart/Heart1.png using Guid(cab71af7f16cdd549a7c75108de9b41c) Importer(815301076,1909f56bfc062723c751e8b465ee728b) (PreviewImporter) -> (artifact id: '5144a8dc1dbb6e57ebcb78773b2dcfe2') in 0.020975 seconds
Number of updated asset objects reloaded before import = 0Number of asset objects unloaded after import = 3

========================================================================
Received Import Request.
  Time since last request: 0.452693 seconds.
  path: Assets/ImportedAssets/MR3_2004/heart/Heart18.png
  artifactKey: Guid(9400fc61c7da66d438a8167e01a7e05c) Importer(815301076,1909f56bfc062723c751e8b465ee728b)
Start importing Assets/ImportedAssets/MR3_2004/heart/Heart18.png using Guid(9400fc61c7da66d438a8167e01a7e05c) Importer(815301076,1909f56bfc062723c751e8b465ee728b) (PreviewImporter) -> (artifact id: '696db9013655ec1b9881aa4c1bd076c8') in 0.0229144 seconds
Number of updated asset objects reloaded before import = 0Number of asset objects unloaded after import = 3

========================================================================
Received Import Request.
  Time since last request: 0.055656 seconds.
  path: Assets/ImportedAssets/MR3_2004/heart/Heart21.png
  artifactKey: Guid(4c35d31d0f732bc408137cc9dfaa82aa) Importer(815301076,1909f56bfc062723c751e8b465ee728b)
Start importing Assets/ImportedAssets/MR3_2004/heart/Heart21.png using Guid(4c35d31d0f732bc408137cc9dfaa82aa) Importer(815301076,1909f56bfc062723c751e8b465ee728b) (PreviewImporter) -> (artifact id: 'a9897db960b946acb9fd02131fdebc95') in 0.0222687 seconds
Number of updated asset objects reloaded before import = 0Number of asset objects unloaded after import = 3

========================================================================
Received Import Request.
  Time since last request: 0.032909 seconds.
  path: Assets/ImportedAssets/MR3_2004/heart/Heart24.png
  artifactKey: Guid(060309c5429708d4f8b9e04fa94f9bf0) Importer(815301076,1909f56bfc062723c751e8b465ee728b)
Start importing Assets/ImportedAssets/MR3_2004/heart/Heart24.png using Guid(060309c5429708d4f8b9e04fa94f9bf0) Importer(815301076,1909f56bfc062723c751e8b465ee728b) (PreviewImporter) -> (artifact id: 'cb4a174867d87f1928bca890c9a6f70c') in 0.0123421 seconds
Number of updated asset objects reloaded before import = 0Number of asset objects unloaded after import = 3

========================================================================
Received Import Request.
  Time since last request: 0.000022 seconds.
  path: Assets/ImportedAssets/MR3_2004/heart/Heart25.png
  artifactKey: Guid(6108f629bbd671546a3cc43df218b002) Importer(815301076,1909f56bfc062723c751e8b465ee728b)
Start importing Assets/ImportedAssets/MR3_2004/heart/Heart25.png using Guid(6108f629bbd671546a3cc43df218b002) Importer(815301076,1909f56bfc062723c751e8b465ee728b) (PreviewImporter) -> (artifact id: '3ff619373557c991f1f9caf3414dc1b8') in 0.0207836 seconds
Number of updated asset objects reloaded before import = 0Number of asset objects unloaded after import = 3

========================================================================
Received Import Request.
  Time since last request: 0.262195 seconds.
  path: Assets/ImportedAssets/MR3_2004/heart/Heart27.png
  artifactKey: Guid(7ed5b55be6aac504e9f21fb514f216b1) Importer(815301076,1909f56bfc062723c751e8b465ee728b)
Start importing Assets/ImportedAssets/MR3_2004/heart/Heart27.png using Guid(7ed5b55be6aac504e9f21fb514f216b1) Importer(815301076,1909f56bfc062723c751e8b465ee728b) (PreviewImporter) -> (artifact id: '8dba59008b2a1e50d0f4f2eba2a23277') in 0.0247727 seconds
Number of updated asset objects reloaded before import = 0Number of asset objects unloaded after import = 3

========================================================================
Received Import Request.
  Time since last request: 0.000020 seconds.
  path: Assets/ImportedAssets/MR3_2004/heart/Heart29.png
  artifactKey: Guid(dc8ca8f05a2f65b49ad07d6558c2aa9a) Importer(815301076,1909f56bfc062723c751e8b465ee728b)
Start importing Assets/ImportedAssets/MR3_2004/heart/Heart29.png using Guid(dc8ca8f05a2f65b49ad07d6558c2aa9a) Importer(815301076,1909f56bfc062723c751e8b465ee728b) (PreviewImporter) -> (artifact id: '1c11bddb690c56acd85c67793b460c11') in 0.0228001 seconds
Number of updated asset objects reloaded before import = 0Number of asset objects unloaded after import = 3

========================================================================
Received Import Request.
  Time since last request: 0.000030 seconds.
  path: Assets/ImportedAssets/MR3_2004/heart/Heart30.png
  artifactKey: Guid(900ad9e09622a95409eec31a32d7f4be) Importer(815301076,1909f56bfc062723c751e8b465ee728b)
Start importing Assets/ImportedAssets/MR3_2004/heart/Heart30.png using Guid(900ad9e09622a95409eec31a32d7f4be) Importer(815301076,1909f56bfc062723c751e8b465ee728b) (PreviewImporter) -> (artifact id: 'f2f6cafc224ac8be7d19cd2ee4d53ffb') in 0.0204447 seconds
Number of updated asset objects reloaded before import = 0Number of asset objects unloaded after import = 3

========================================================================
Received Import Request.
  Time since last request: 1.105695 seconds.
  path: Assets/ImportedAssets/MR3_2004/Heart Destroys/HeartDestroy2.png
  artifactKey: Guid(d8b0265dac0b86e499515798dd0c7ec8) Importer(815301076,1909f56bfc062723c751e8b465ee728b)
Start importing Assets/ImportedAssets/MR3_2004/Heart Destroys/HeartDestroy2.png using Guid(d8b0265dac0b86e499515798dd0c7ec8) Importer(815301076,1909f56bfc062723c751e8b465ee728b) (PreviewImporter) -> (artifact id: 'f153a701d341fb100f8966a7faf4f4ae') in 0.0380462 seconds
Number of updated asset objects reloaded before import = 0Number of asset objects unloaded after import = 3

========================================================================
Received Import Request.
  Time since last request: 0.456807 seconds.
  path: Assets/ImportedAssets/MR3_2004/heart in box/2.png
  artifactKey: Guid(03b11266b499f114794e017955dc34e5) Importer(815301076,1909f56bfc062723c751e8b465ee728b)
Start importing Assets/ImportedAssets/MR3_2004/heart in box/2.png using Guid(03b11266b499f114794e017955dc34e5) Importer(815301076,1909f56bfc062723c751e8b465ee728b) (PreviewImporter) -> (artifact id: '07777aeda9cf987db911a58f8cb55783') in 0.0214618 seconds
Number of updated asset objects reloaded before import = 0Number of asset objects unloaded after import = 3

========================================================================
Received Import Request.
  Time since last request: 0.000013 seconds.
  path: Assets/ImportedAssets/MR3_2004/heart in box/3.png
  artifactKey: Guid(c386faec5298b6e4aa772ccbb20205da) Importer(815301076,1909f56bfc062723c751e8b465ee728b)
Start importing Assets/ImportedAssets/MR3_2004/heart in box/3.png using Guid(c386faec5298b6e4aa772ccbb20205da) Importer(815301076,1909f56bfc062723c751e8b465ee728b) (PreviewImporter) -> (artifact id: 'de30bba38c7ea7097bf1186b9897f5d2') in 0.0214872 seconds
Number of updated asset objects reloaded before import = 0Number of asset objects unloaded after import = 3

========================================================================
Received Import Request.
  Time since last request: 0.000021 seconds.
  path: Assets/ImportedAssets/MR3_2004/heart in box/7.png
  artifactKey: Guid(f65b55bf0316389428561503fa0878ea) Importer(815301076,1909f56bfc062723c751e8b465ee728b)
Start importing Assets/ImportedAssets/MR3_2004/heart in box/7.png using Guid(f65b55bf0316389428561503fa0878ea) Importer(815301076,1909f56bfc062723c751e8b465ee728b) (PreviewImporter) -> (artifact id: 'ebfcc1d025adfb3044ad1e545a640ec6') in 0.0218005 seconds
Number of updated asset objects reloaded before import = 0Number of asset objects unloaded after import = 3

========================================================================
Received Import Request.
  Time since last request: 0.000018 seconds.
  path: Assets/ImportedAssets/MR3_2004/heart in box/4.png
  artifactKey: Guid(7cebae52f43e57548b66bc0c56d3cb85) Importer(815301076,1909f56bfc062723c751e8b465ee728b)
Start importing Assets/ImportedAssets/MR3_2004/heart in box/4.png using Guid(7cebae52f43e57548b66bc0c56d3cb85) Importer(815301076,1909f56bfc062723c751e8b465ee728b) (PreviewImporter) -> (artifact id: '49256f249783bba773df00aca329f0da') in 0.0189321 seconds
Number of updated asset objects reloaded before import = 0Number of asset objects unloaded after import = 3

========================================================================
Received Import Request.
  Time since last request: 167.660992 seconds.
  path: Assets/ImportedAssets/Pixel Art Flower Pack/Flower 1/Flower 1 - COLORFUL.png
  artifactKey: Guid(96f57a8f3c1c5be4f9f59a59bdf98535) Importer(815301076,1909f56bfc062723c751e8b465ee728b)
Start importing Assets/ImportedAssets/Pixel Art Flower Pack/Flower 1/Flower 1 - COLORFUL.png using Guid(96f57a8f3c1c5be4f9f59a59bdf98535) Importer(815301076,1909f56bfc062723c751e8b465ee728b) (PreviewImporter) -> (artifact id: '3e4a1836a900ba33d110fe08721ae9ad') in 0.0197469 seconds
Number of updated asset objects reloaded before import = 0Number of asset objects unloaded after import = 3

========================================================================
Received Import Request.
  Time since last request: 0.000018 seconds.
  path: Assets/ImportedAssets/Pixel Art Flower Pack/Flower 1/Flower 1 - TEAL.png
  artifactKey: Guid(49787c4d1dff21f47a85c752704555b5) Importer(815301076,1909f56bfc062723c751e8b465ee728b)
Start importing Assets/ImportedAssets/Pixel Art Flower Pack/Flower 1/Flower 1 - TEAL.png using Guid(49787c4d1dff21f47a85c752704555b5) Importer(815301076,1909f56bfc062723c751e8b465ee728b) (PreviewImporter) -> (artifact id: '8ab0557ba97e9991b88c46c5a99cfb78') in 0.0199339 seconds
Number of updated asset objects reloaded before import = 0Number of asset objects unloaded after import = 3

========================================================================
Received Import Request.
  Time since last request: 1.443321 seconds.
  path: Assets/ImportedAssets/Pixel Art Flower Pack/Flower 2/Flower 2 - PINK.png
  artifactKey: Guid(bef072ce14ad5dc44b1ea60c90b9a6b3) Importer(815301076,1909f56bfc062723c751e8b465ee728b)
Start importing Assets/ImportedAssets/Pixel Art Flower Pack/Flower 2/Flower 2 - PINK.png using Guid(bef072ce14ad5dc44b1ea60c90b9a6b3) Importer(815301076,1909f56bfc062723c751e8b465ee728b) (PreviewImporter) -> (artifact id: '86940cd4c7bf394ac15f557c1ebf207f') in 0.0180559 seconds
Number of updated asset objects reloaded before import = 0Number of asset objects unloaded after import = 3

========================================================================
Received Import Request.
  Time since last request: 0.000016 seconds.
  path: Assets/ImportedAssets/Pixel Art Flower Pack/Flower 2/Flower 2 - PURPLE.png
  artifactKey: Guid(1de153f94f56e0e4eb37e1de5709b31f) Importer(815301076,1909f56bfc062723c751e8b465ee728b)
Start importing Assets/ImportedAssets/Pixel Art Flower Pack/Flower 2/Flower 2 - PURPLE.png using Guid(1de153f94f56e0e4eb37e1de5709b31f) Importer(815301076,1909f56bfc062723c751e8b465ee728b) (PreviewImporter) -> (artifact id: '55f82034b1b03ee887a6c12af7d1a3f3') in 0.0172413 seconds
Number of updated asset objects reloaded before import = 0Number of asset objects unloaded after import = 3

========================================================================
Received Import Request.
  Time since last request: 0.740990 seconds.
  path: Assets/ImportedAssets/Pixel Art Flower Pack/Flower 3/Flower 3 - PINK.png
  artifactKey: Guid(eb6fe1957ed41244b93348547c5263d4) Importer(815301076,1909f56bfc062723c751e8b465ee728b)
Start importing Assets/ImportedAssets/Pixel Art Flower Pack/Flower 3/Flower 3 - PINK.png using Guid(eb6fe1957ed41244b93348547c5263d4) Importer(815301076,1909f56bfc062723c751e8b465ee728b) (PreviewImporter) -> (artifact id: 'd39c78ddc5e20ae484e742e22c3b391a') in 0.0171031 seconds
Number of updated asset objects reloaded before import = 0Number of asset objects unloaded after import = 3

========================================================================
Received Import Request.
  Time since last request: 0.000027 seconds.
  path: Assets/ImportedAssets/Pixel Art Flower Pack/Flower 3/Flower 3 - TEAL.png
  artifactKey: Guid(8d0cdd210ea366f4bbce92234b874cff) Importer(815301076,1909f56bfc062723c751e8b465ee728b)
Start importing Assets/ImportedAssets/Pixel Art Flower Pack/Flower 3/Flower 3 - TEAL.png using Guid(8d0cdd210ea366f4bbce92234b874cff) Importer(815301076,1909f56bfc062723c751e8b465ee728b) (PreviewImporter) -> (artifact id: '9d91b45d3c7c345c72fc608da6107d18') in 0.0182494 seconds
Number of updated asset objects reloaded before import = 0Number of asset objects unloaded after import = 3

========================================================================
Received Import Request.
  Time since last request: 1.321099 seconds.
  path: Assets/ImportedAssets/Pixel Art Flower Pack/Flower 4/Flower 4 - PINK.png
  artifactKey: Guid(84edb630dfecc854ba9ed407d4b228d1) Importer(815301076,1909f56bfc062723c751e8b465ee728b)
Start importing Assets/ImportedAssets/Pixel Art Flower Pack/Flower 4/Flower 4 - PINK.png using Guid(84edb630dfecc854ba9ed407d4b228d1) Importer(815301076,1909f56bfc062723c751e8b465ee728b) (PreviewImporter) -> (artifact id: 'bdd9585c4a5618c15a696fd96627b1da') in 0.0180446 seconds
Number of updated asset objects reloaded before import = 0Number of asset objects unloaded after import = 3

========================================================================
Received Import Request.
  Time since last request: 0.000014 seconds.
  path: Assets/ImportedAssets/Pixel Art Flower Pack/Flower 4/Flower 4 - PURPLE.png
  artifactKey: Guid(951f7b55ce9ba0e4a87721394d870988) Importer(815301076,1909f56bfc062723c751e8b465ee728b)
Start importing Assets/ImportedAssets/Pixel Art Flower Pack/Flower 4/Flower 4 - PURPLE.png using Guid(951f7b55ce9ba0e4a87721394d870988) Importer(815301076,1909f56bfc062723c751e8b465ee728b) (PreviewImporter) -> (artifact id: 'c5f428a8d141a2e4655c66d769b3a2e4') in 0.0203275 seconds
Number of updated asset objects reloaded before import = 0Number of asset objects unloaded after import = 3

========================================================================
Received Import Request.
  Time since last request: 1.480702 seconds.
  path: Assets/ImportedAssets/Pixel Art Flower Pack/FLower 5/Flower 5 - PINK.png
  artifactKey: Guid(84771471c6c66a3449f5d86a3bc5e424) Importer(815301076,1909f56bfc062723c751e8b465ee728b)
Start importing Assets/ImportedAssets/Pixel Art Flower Pack/FLower 5/Flower 5 - PINK.png using Guid(84771471c6c66a3449f5d86a3bc5e424) Importer(815301076,1909f56bfc062723c751e8b465ee728b) (PreviewImporter) -> (artifact id: '5467e6ae9614a73d4ff055afff5776d7') in 0.0295899 seconds
Number of updated asset objects reloaded before import = 0Number of asset objects unloaded after import = 3

========================================================================
Received Import Request.
  Time since last request: 0.000019 seconds.
  path: Assets/ImportedAssets/Pixel Art Flower Pack/FLower 5/Flower 5 - PURPLE.png
  artifactKey: Guid(b8f042d3ed32f264bacaf7bbf9db04d3) Importer(815301076,1909f56bfc062723c751e8b465ee728b)
Start importing Assets/ImportedAssets/Pixel Art Flower Pack/FLower 5/Flower 5 - PURPLE.png using Guid(b8f042d3ed32f264bacaf7bbf9db04d3) Importer(815301076,1909f56bfc062723c751e8b465ee728b) (PreviewImporter) -> (artifact id: 'cb01edd92d4c8497030088d9dda6a4c9') in 0.0274332 seconds
Number of updated asset objects reloaded before import = 0Number of asset objects unloaded after import = 3

========================================================================
Received Import Request.
  Time since last request: 0.622249 seconds.
  path: Assets/ImportedAssets/Pixel Art Flower Pack/Flower 6/Flower 6 - PINK.png
  artifactKey: Guid(eb623fe5502ad114fa366fe3c4de725f) Importer(815301076,1909f56bfc062723c751e8b465ee728b)
Start importing Assets/ImportedAssets/Pixel Art Flower Pack/Flower 6/Flower 6 - PINK.png using Guid(eb623fe5502ad114fa366fe3c4de725f) Importer(815301076,1909f56bfc062723c751e8b465ee728b) (PreviewImporter) -> (artifact id: '5fd262ee0f426c916c7749f8aa7ff1ee') in 0.0785376 seconds
Number of updated asset objects reloaded before import = 0Number of asset objects unloaded after import = 3

========================================================================
Received Import Request.
  Time since last request: 11.425062 seconds.
  path: Assets/ImportedAssets/Pixel Art Flower Pack/Garden Grid with Flowers/Grid 3.png
  artifactKey: Guid(463f93c10014ceb4497c0b4677a8aa16) Importer(815301076,1909f56bfc062723c751e8b465ee728b)
Start importing Assets/ImportedAssets/Pixel Art Flower Pack/Garden Grid with Flowers/Grid 3.png using Guid(463f93c10014ceb4497c0b4677a8aa16) Importer(815301076,1909f56bfc062723c751e8b465ee728b) (PreviewImporter) -> (artifact id: 'd0ded038fba94f298b02207180d3bb05') in 0.1099928 seconds
Number of updated asset objects reloaded before import = 0Number of asset objects unloaded after import = 3

========================================================================
Received Import Request.
  Time since last request: 0.000017 seconds.
  path: Assets/ImportedAssets/Pixel Art Flower Pack/Garden Grid with Flowers/Grid 6.png
  artifactKey: Guid(d2ec0fa8e035e6c4493441605f81e7cb) Importer(815301076,1909f56bfc062723c751e8b465ee728b)
Start importing Assets/ImportedAssets/Pixel Art Flower Pack/Garden Grid with Flowers/Grid 6.png using Guid(d2ec0fa8e035e6c4493441605f81e7cb) Importer(815301076,1909f56bfc062723c751e8b465ee728b) (PreviewImporter) -> (artifact id: 'c84dc102a310622d56b81f8e5c8bcfd2') in 0.0343644 seconds
Number of updated asset objects reloaded before import = 0Number of asset objects unloaded after import = 3

========================================================================
Received Import Request.
  Time since last request: 0.550620 seconds.
  path: Assets/ImportedAssets/Pixel Art Flower Pack/Flower Pot 7/Flower Pot 7 - YELLOW.png
  artifactKey: Guid(8eadc295169d16e45836517b34c33613) Importer(815301076,1909f56bfc062723c751e8b465ee728b)
Start importing Assets/ImportedAssets/Pixel Art Flower Pack/Flower Pot 7/Flower Pot 7 - YELLOW.png using Guid(8eadc295169d16e45836517b34c33613) Importer(815301076,1909f56bfc062723c751e8b465ee728b) (PreviewImporter) -> (artifact id: '5676c267c22390e91733a01994080f84') in 0.0656398 seconds
Number of updated asset objects reloaded before import = 0Number of asset objects unloaded after import = 3

========================================================================
Received Import Request.
  Time since last request: 0.581962 seconds.
  path: Assets/ImportedAssets/Pixel Art Flower Pack/Flower Pot 6/Flower Pot 6 - ORANGE.png
  artifactKey: Guid(a268d862093c7004183a58b669c92c73) Importer(815301076,1909f56bfc062723c751e8b465ee728b)
Start importing Assets/ImportedAssets/Pixel Art Flower Pack/Flower Pot 6/Flower Pot 6 - ORANGE.png using Guid(a268d862093c7004183a58b669c92c73) Importer(815301076,1909f56bfc062723c751e8b465ee728b) (PreviewImporter) -> (artifact id: '08fc97c4c0db01f12de224975460cc11') in 0.0707498 seconds
Number of updated asset objects reloaded before import = 0Number of asset objects unloaded after import = 3

========================================================================
Received Import Request.
  Time since last request: 0.760830 seconds.
  path: Assets/ImportedAssets/Pixel Art Flower Pack/Flower Pot 5/Flower Pot 5 - PINK.png
  artifactKey: Guid(2db4320d7f6af7141bfe5a28313f6d17) Importer(815301076,1909f56bfc062723c751e8b465ee728b)
Start importing Assets/ImportedAssets/Pixel Art Flower Pack/Flower Pot 5/Flower Pot 5 - PINK.png using Guid(2db4320d7f6af7141bfe5a28313f6d17) Importer(815301076,1909f56bfc062723c751e8b465ee728b) (PreviewImporter) -> (artifact id: '9bd5b0ebd188c44120f62687e586ee24') in 0.0370397 seconds
Number of updated asset objects reloaded before import = 0Number of asset objects unloaded after import = 3

========================================================================
Received Import Request.
  Time since last request: 0.000014 seconds.
  path: Assets/ImportedAssets/Pixel Art Flower Pack/Flower Pot 5/Flower Pot 5 - PURPLE.png
  artifactKey: Guid(0e74ca398c7458345aaf549ccaf6c014) Importer(815301076,1909f56bfc062723c751e8b465ee728b)
Start importing Assets/ImportedAssets/Pixel Art Flower Pack/Flower Pot 5/Flower Pot 5 - PURPLE.png using Guid(0e74ca398c7458345aaf549ccaf6c014) Importer(815301076,1909f56bfc062723c751e8b465ee728b) (PreviewImporter) -> (artifact id: 'f1f40fb36315d1c1ef931a8f8a3dd61c') in 0.027412 seconds
Number of updated asset objects reloaded before import = 0Number of asset objects unloaded after import = 3

========================================================================
Received Import Request.
  Time since last request: 0.622453 seconds.
  path: Assets/ImportedAssets/Pixel Art Flower Pack/Flower Pot 4/Flower Pot 4 - YELLOW.png
  artifactKey: Guid(5371ba98537963d40885812228720679) Importer(815301076,1909f56bfc062723c751e8b465ee728b)
Start importing Assets/ImportedAssets/Pixel Art Flower Pack/Flower Pot 4/Flower Pot 4 - YELLOW.png using Guid(5371ba98537963d40885812228720679) Importer(815301076,1909f56bfc062723c751e8b465ee728b) (PreviewImporter) -> (artifact id: '0f9d82d2bf7f8621a64f8e6466a73569') in 0.0168217 seconds
Number of updated asset objects reloaded before import = 0Number of asset objects unloaded after import = 3

========================================================================
Received Import Request.
  Time since last request: 0.566412 seconds.
  path: Assets/ImportedAssets/Pixel Art Flower Pack/Flower Pot 3/Flower Pot 3 - RED.png
  artifactKey: Guid(7a90bd975085852489d5f9e301c1f5ce) Importer(815301076,1909f56bfc062723c751e8b465ee728b)
Start importing Assets/ImportedAssets/Pixel Art Flower Pack/Flower Pot 3/Flower Pot 3 - RED.png using Guid(7a90bd975085852489d5f9e301c1f5ce) Importer(815301076,1909f56bfc062723c751e8b465ee728b) (PreviewImporter) -> (artifact id: '21d96a7c5a952e85e044b19247e9980d') in 0.0159181 seconds
Number of updated asset objects reloaded before import = 0Number of asset objects unloaded after import = 3

========================================================================
Received Import Request.
  Time since last request: 0.391541 seconds.
  path: Assets/ImportedAssets/Pixel Art Flower Pack/Flower Pot 2/Flower Pot 2 - PURPLE.png
  artifactKey: Guid(4ecb75282105993458ad92c067ee9cbb) Importer(815301076,1909f56bfc062723c751e8b465ee728b)
Start importing Assets/ImportedAssets/Pixel Art Flower Pack/Flower Pot 2/Flower Pot 2 - PURPLE.png using Guid(4ecb75282105993458ad92c067ee9cbb) Importer(815301076,1909f56bfc062723c751e8b465ee728b) (PreviewImporter) -> (artifact id: 'f8d5f54c2c9f8c168d3d82f6589d227a') in 0.0163944 seconds
Number of updated asset objects reloaded before import = 0Number of asset objects unloaded after import = 3

========================================================================
Received Import Request.
  Time since last request: 0.000017 seconds.
  path: Assets/ImportedAssets/Pixel Art Flower Pack/Flower Pot 2/Flower Pot 2 - RED 2.png
  artifactKey: Guid(bdc3be8c505d2c64f857f6dee7d03c0a) Importer(815301076,1909f56bfc062723c751e8b465ee728b)
Start importing Assets/ImportedAssets/Pixel Art Flower Pack/Flower Pot 2/Flower Pot 2 - RED 2.png using Guid(bdc3be8c505d2c64f857f6dee7d03c0a) Importer(815301076,1909f56bfc062723c751e8b465ee728b) (PreviewImporter) -> (artifact id: '63f127963760f6e4b42f5074920d38af') in 0.0165516 seconds
Number of updated asset objects reloaded before import = 0Number of asset objects unloaded after import = 3

========================================================================
Received Import Request.
  Time since last request: 0.573640 seconds.
  path: Assets/ImportedAssets/Pixel Art Flower Pack/Flower Pot 1/Flower Pot 1 - RED.png
  artifactKey: Guid(bd55071a931292c419255bda38777ea9) Importer(815301076,1909f56bfc062723c751e8b465ee728b)
Start importing Assets/ImportedAssets/Pixel Art Flower Pack/Flower Pot 1/Flower Pot 1 - RED.png using Guid(bd55071a931292c419255bda38777ea9) Importer(815301076,1909f56bfc062723c751e8b465ee728b) (PreviewImporter) -> (artifact id: 'f7417551570518b199cb6e39b7032927') in 0.0161296 seconds
Number of updated asset objects reloaded before import = 0Number of asset objects unloaded after import = 3

========================================================================
Received Import Request.
  Time since last request: 0.359964 seconds.
  path: Assets/ImportedAssets/Pixel Art Flower Pack/Flower 13/Flower 13 - PURPLE.png
  artifactKey: Guid(5529ea37adf460045a0069551c7ac58f) Importer(815301076,1909f56bfc062723c751e8b465ee728b)
Start importing Assets/ImportedAssets/Pixel Art Flower Pack/Flower 13/Flower 13 - PURPLE.png using Guid(5529ea37adf460045a0069551c7ac58f) Importer(815301076,1909f56bfc062723c751e8b465ee728b) (PreviewImporter) -> (artifact id: '2333ad72e432658305de3bb58a2c1764') in 0.0169959 seconds
Number of updated asset objects reloaded before import = 0Number of asset objects unloaded after import = 3

========================================================================
Received Import Request.
  Time since last request: 0.406625 seconds.
  path: Assets/ImportedAssets/Pixel Art Flower Pack/Flower 12/Flower 12 - YELLOW.png
  artifactKey: Guid(274405a75b234ec4aa6a3087c3882f19) Importer(815301076,1909f56bfc062723c751e8b465ee728b)
Start importing Assets/ImportedAssets/Pixel Art Flower Pack/Flower 12/Flower 12 - YELLOW.png using Guid(274405a75b234ec4aa6a3087c3882f19) Importer(815301076,1909f56bfc062723c751e8b465ee728b) (PreviewImporter) -> (artifact id: 'd7779372305ff242ac345d945e251d70') in 0.019832 seconds
Number of updated asset objects reloaded before import = 0Number of asset objects unloaded after import = 3

========================================================================
Received Import Request.
  Time since last request: 0.749813 seconds.
  path: Assets/ImportedAssets/Pixel Art Flower Pack/Flower 11/Flower 11 - YELLOW.png
  artifactKey: Guid(e0d2c9181f1113e42a4dbdd16f43f169) Importer(815301076,1909f56bfc062723c751e8b465ee728b)
Start importing Assets/ImportedAssets/Pixel Art Flower Pack/Flower 11/Flower 11 - YELLOW.png using Guid(e0d2c9181f1113e42a4dbdd16f43f169) Importer(815301076,1909f56bfc062723c751e8b465ee728b) (PreviewImporter) -> (artifact id: '1ec3ba24f1a38fd1fc0b5043746ddd13') in 0.0209662 seconds
Number of updated asset objects reloaded before import = 0Number of asset objects unloaded after import = 3

========================================================================
Received Import Request.
  Time since last request: 0.313302 seconds.
  path: Assets/ImportedAssets/Pixel Art Flower Pack/Flower 10/Flower 10 - RED.png
  artifactKey: Guid(0800ba00991370a49a597d9bb34583a1) Importer(815301076,1909f56bfc062723c751e8b465ee728b)
Start importing Assets/ImportedAssets/Pixel Art Flower Pack/Flower 10/Flower 10 - RED.png using Guid(0800ba00991370a49a597d9bb34583a1) Importer(815301076,1909f56bfc062723c751e8b465ee728b) (PreviewImporter) -> (artifact id: '2b9ed1be69dde79381ea6ccb0105966c') in 0.0264673 seconds
Number of updated asset objects reloaded before import = 0Number of asset objects unloaded after import = 3

========================================================================
Received Import Request.
  Time since last request: 0.229496 seconds.
  path: Assets/ImportedAssets/Pixel Art Flower Pack/Flower 9/Flower 9 - RED.png
  artifactKey: Guid(cc0366f4ee2c5314690b96f01ccd95de) Importer(815301076,1909f56bfc062723c751e8b465ee728b)
Start importing Assets/ImportedAssets/Pixel Art Flower Pack/Flower 9/Flower 9 - RED.png using Guid(cc0366f4ee2c5314690b96f01ccd95de) Importer(815301076,1909f56bfc062723c751e8b465ee728b) (PreviewImporter) -> (artifact id: '3ca263f6e9ec87dfe35d60c230cd40f1') in 0.0636435 seconds
Number of updated asset objects reloaded before import = 0Number of asset objects unloaded after import = 3

========================================================================
Received Import Request.
  Time since last request: 1.594772 seconds.
  path: Assets/ImportedAssets/Pixel Art Flower Pack/Flower 8/Flower 8 - RED.png
  artifactKey: Guid(9dc513d9fc73d304e8484687167a28e1) Importer(815301076,1909f56bfc062723c751e8b465ee728b)
Start importing Assets/ImportedAssets/Pixel Art Flower Pack/Flower 8/Flower 8 - RED.png using Guid(9dc513d9fc73d304e8484687167a28e1) Importer(815301076,1909f56bfc062723c751e8b465ee728b) (PreviewImporter) -> (artifact id: 'c46578014833785e03a399e8027fb6ba') in 0.0230332 seconds
Number of updated asset objects reloaded before import = 0Number of asset objects unloaded after import = 3

========================================================================
Received Import Request.
  Time since last request: 0.000018 seconds.
  path: Assets/ImportedAssets/Pixel Art Flower Pack/Flower 8/Flower 8 - YELLOW.png
  artifactKey: Guid(8c854aa3930d6ce4fa5801032733238f) Importer(815301076,1909f56bfc062723c751e8b465ee728b)
Start importing Assets/ImportedAssets/Pixel Art Flower Pack/Flower 8/Flower 8 - YELLOW.png using Guid(8c854aa3930d6ce4fa5801032733238f) Importer(815301076,1909f56bfc062723c751e8b465ee728b) (PreviewImporter) -> (artifact id: 'a5018f80872023f9b39700a691c5b27b') in 0.0366256 seconds
Number of updated asset objects reloaded before import = 0Number of asset objects unloaded after import = 3

========================================================================
Received Import Request.
  Time since last request: 1.113282 seconds.
  path: Assets/ImportedAssets/Pixel Art Flower Pack/Flower 7/Flower 7 - PINK.png
  artifactKey: Guid(9c9e7d760f72cca4e8bf034357b9eaac) Importer(815301076,1909f56bfc062723c751e8b465ee728b)
Start importing Assets/ImportedAssets/Pixel Art Flower Pack/Flower 7/Flower 7 - PINK.png using Guid(9c9e7d760f72cca4e8bf034357b9eaac) Importer(815301076,1909f56bfc062723c751e8b465ee728b) (PreviewImporter) -> (artifact id: '47294d0dc3d4e828bc2ade78f69b1c26') in 0.0625408 seconds
Number of updated asset objects reloaded before import = 0Number of asset objects unloaded after import = 3

========================================================================
Received Import Request.
  Time since last request: 1.935940 seconds.
  path: Assets/ImportedAssets/Pixel Art Flower Pack/Empty Flower Pots/Flower Pot 2 - RED.png
  artifactKey: Guid(34626fa3aebcc6341b5020837e2f007c) Importer(815301076,1909f56bfc062723c751e8b465ee728b)
Start importing Assets/ImportedAssets/Pixel Art Flower Pack/Empty Flower Pots/Flower Pot 2 - RED.png using Guid(34626fa3aebcc6341b5020837e2f007c) Importer(815301076,1909f56bfc062723c751e8b465ee728b) (PreviewImporter) -> (artifact id: '455bfdf1cc8fce8710e50676f0508d39') in 0.0301971 seconds
Number of updated asset objects reloaded before import = 0Number of asset objects unloaded after import = 3

========================================================================
Received Import Request.
  Time since last request: 0.000016 seconds.
  path: Assets/ImportedAssets/Pixel Art Flower Pack/Empty Flower Pots/Flower Pot 4 - YELLOW.png
  artifactKey: Guid(511b7f3d1952cf64789f8814ff086ab2) Importer(815301076,1909f56bfc062723c751e8b465ee728b)
Start importing Assets/ImportedAssets/Pixel Art Flower Pack/Empty Flower Pots/Flower Pot 4 - YELLOW.png using Guid(511b7f3d1952cf64789f8814ff086ab2) Importer(815301076,1909f56bfc062723c751e8b465ee728b) (PreviewImporter) -> (artifact id: '5515f75e12a6627048f270d7997e635e') in 0.0342695 seconds
Number of updated asset objects reloaded before import = 0Number of asset objects unloaded after import = 3

========================================================================
Received Import Request.
  Time since last request: 0.000017 seconds.
  path: Assets/ImportedAssets/Pixel Art Flower Pack/Empty Flower Pots/Flower Pot 3 - YELLOW.png
  artifactKey: Guid(cf2f0d1d110056b44ad116badad6276b) Importer(815301076,1909f56bfc062723c751e8b465ee728b)
Start importing Assets/ImportedAssets/Pixel Art Flower Pack/Empty Flower Pots/Flower Pot 3 - YELLOW.png using Guid(cf2f0d1d110056b44ad116badad6276b) Importer(815301076,1909f56bfc062723c751e8b465ee728b) (PreviewImporter) -> (artifact id: '3f34201402f752cc858ccb47af9e4863') in 0.0171213 seconds
Number of updated asset objects reloaded before import = 0Number of asset objects unloaded after import = 3

========================================================================
Received Import Request.
  Time since last request: 0.132643 seconds.
  path: Assets/ImportedAssets/Pixel Art Flower Pack/Bush 2/Bush 2 - RED.png
  artifactKey: Guid(ba1f40c4ddf794d4f9cc04a9a4fe2dd8) Importer(815301076,1909f56bfc062723c751e8b465ee728b)
Start importing Assets/ImportedAssets/Pixel Art Flower Pack/Bush 2/Bush 2 - RED.png using Guid(ba1f40c4ddf794d4f9cc04a9a4fe2dd8) Importer(815301076,1909f56bfc062723c751e8b465ee728b) (PreviewImporter) -> (artifact id: 'b44fb0e46e28ee40c53f86566beb8dd6') in 0.0166637 seconds
Number of updated asset objects reloaded before import = 0Number of asset objects unloaded after import = 3

========================================================================
Received Import Request.
  Time since last request: 0.439131 seconds.
  path: Assets/ImportedAssets/Pixel Art Flower Pack/Bush 1 (No Flowers)/Bush 1 (no flowers) - WARM GREEN.png
  artifactKey: Guid(ff720e64a135c2e42b648c068d8c814b) Importer(815301076,1909f56bfc062723c751e8b465ee728b)
Start importing Assets/ImportedAssets/Pixel Art Flower Pack/Bush 1 (No Flowers)/Bush 1 (no flowers) - WARM GREEN.png using Guid(ff720e64a135c2e42b648c068d8c814b) Importer(815301076,1909f56bfc062723c751e8b465ee728b) (PreviewImporter) -> (artifact id: '048ba89491aede8354b233df3cd22462') in 0.017815 seconds
Number of updated asset objects reloaded before import = 0Number of asset objects unloaded after import = 3

========================================================================
Received Import Request.
  Time since last request: 0.389474 seconds.
  path: Assets/ImportedAssets/Pixel Art Flower Pack/Bush 1/Bush 1 - RED.png
  artifactKey: Guid(022debbc99fdfb84586a2d220550c106) Importer(815301076,1909f56bfc062723c751e8b465ee728b)
Start importing Assets/ImportedAssets/Pixel Art Flower Pack/Bush 1/Bush 1 - RED.png using Guid(022debbc99fdfb84586a2d220550c106) Importer(815301076,1909f56bfc062723c751e8b465ee728b) (PreviewImporter) -> (artifact id: 'a9fdb717c7dc1e3cc37750fab2cb6019') in 0.0154643 seconds
Number of updated asset objects reloaded before import = 0Number of asset objects unloaded after import = 3

========================================================================
Received Import Request.
  Time since last request: 0.000018 seconds.
  path: Assets/ImportedAssets/Pixel Art Flower Pack/Bush 1/Bush 1 - RED 2.png
  artifactKey: Guid(aebc32a581ba59c4ca8fb45903e054e3) Importer(815301076,1909f56bfc062723c751e8b465ee728b)
Start importing Assets/ImportedAssets/Pixel Art Flower Pack/Bush 1/Bush 1 - RED 2.png using Guid(aebc32a581ba59c4ca8fb45903e054e3) Importer(815301076,1909f56bfc062723c751e8b465ee728b) (PreviewImporter) -> (artifact id: 'a57076583dbcaf079aaec0d6d03c2f59') in 0.0174895 seconds
Number of updated asset objects reloaded before import = 0Number of asset objects unloaded after import = 3

========================================================================
Received Import Request.
  Time since last request: 0.000014 seconds.
  path: Assets/ImportedAssets/Pixel Art Flower Pack/Bush 1/Bush 1 - WARM GREEN 2.png
  artifactKey: Guid(f2894655b2dbe654badc2107d567f3f3) Importer(815301076,1909f56bfc062723c751e8b465ee728b)
Start importing Assets/ImportedAssets/Pixel Art Flower Pack/Bush 1/Bush 1 - WARM GREEN 2.png using Guid(f2894655b2dbe654badc2107d567f3f3) Importer(815301076,1909f56bfc062723c751e8b465ee728b) (PreviewImporter) -> (artifact id: '8c011516285a1c823b36108a6d0a0b5e') in 0.0162181 seconds
Number of updated asset objects reloaded before import = 0Number of asset objects unloaded after import = 3

========================================================================
Received Prepare
Begin MonoManager ReloadAssembly
Symbol file LoadedFromMemory doesn't match image C:\3young\2506_2dProject\2506_2dProject\Library\PackageCache\com.unity.visualscripting@1.8.0\Editor\VisualScripting.Core\Dependencies\YamlDotNet\Unity.VisualScripting.YamlDotNet.dll
Symbol file LoadedFromMemory doesn't match image C:\3young\2506_2dProject\2506_2dProject\Library\PackageCache\com.unity.visualscripting@1.8.0\Editor\VisualScripting.Core\Dependencies\DotNetZip\Unity.VisualScripting.IonicZip.dll
Symbol file LoadedFromMemory is not a mono symbol file
- Loaded All Assemblies, in  0.767 seconds
Script 'Camera' has the same name as built-in Unity component.
AddComponent and GetComponent will not work with this script.
Refreshing native plugins compatible for Editor in 4.91 ms, found 4 plugins.
Native extension for Android target not found
Native extension for WindowsStandalone target not found
Native extension for WebGL target not found
Mono: successfully reloaded assembly
- Finished resetting the current domain, in  0.900 seconds
Domain Reload Profiling: 1664ms
	BeginReloadAssembly (227ms)
		ExecutionOrderSort (0ms)
		DisableScriptedObjects (13ms)
		BackupInstance (0ms)
		ReleaseScriptingObjects (0ms)
		CreateAndSetChildDomain (63ms)
	RebuildCommonClasses (42ms)
	RebuildNativeTypeToScriptingClass (16ms)
	initialDomainReloadingComplete (32ms)
	LoadAllAssembliesAndSetupDomain (447ms)
		LoadAssemblies (401ms)
		RebuildTransferFunctionScriptingTraits (0ms)
		AnalyzeDomain (157ms)
			TypeCache.Refresh (9ms)
				TypeCache.ScanAssembly (0ms)
			BuildScriptInfoCaches (139ms)
			ResolveRequiredComponents (6ms)
	FinalizeReload (900ms)
		ReleaseScriptCaches (0ms)
		RebuildScriptCaches (0ms)
		SetupLoadedEditorAssemblies (674ms)
			LogAssemblyErrors (0ms)
			InitializePlatformSupportModulesInManaged (19ms)
			SetLoadedEditorAssemblies (5ms)
			BeforeProcessingInitializeOnLoad (80ms)
			ProcessInitializeOnLoadAttributes (353ms)
			ProcessInitializeOnLoadMethodAttributes (209ms)
			AfterProcessingInitializeOnLoad (6ms)
			EditorAssembliesLoaded (0ms)
		ExecutionOrderSort2 (0ms)
		AwakeInstancesAfterBackupRestoration (10ms)
Refreshing native plugins compatible for Editor in 5.52 ms, found 4 plugins.
Preloading 0 native plugins for Editor in 0.00 ms.
Unloading 1 Unused Serialized files (Serialized files now loaded: 0)
Unloading 5324 unused Assets / (1.6 MB). Loaded Objects now: 5965.
Memory consumption went from 118.9 MB to 117.3 MB.
Total: 12.195500 ms (FindLiveObjects: 0.797500 ms CreateObjectMapping: 1.025900 ms MarkObjects: 8.703300 ms  DeleteObjects: 1.667500 ms)

Prepare: number of updated asset objects reloaded= 0
